{"/home/travis/build/npmtest/node-npmtest-turbolinks/test.js":{"path":"/home/travis/build/npmtest/node-npmtest-turbolinks/test.js","s":{"1":2,"2":2,"3":2,"4":2,"5":2,"6":2,"7":2,"8":1,"9":2,"10":2,"11":1,"12":1,"13":1,"14":1,"15":2,"16":2,"17":2,"18":2,"19":1,"20":1,"21":2,"22":2,"23":2,"24":1,"25":1,"26":1,"27":1,"28":1,"29":1,"30":1,"31":1,"32":1,"33":1,"34":1,"35":1,"36":1,"37":1,"38":1,"39":2,"40":2,"41":1,"42":2,"43":2,"44":1,"45":2,"46":2,"47":1,"48":2,"49":2,"50":1,"51":1,"52":1,"53":1,"54":1},"b":{"1":[2,1,1,1],"2":[1,1,1,1],"3":[1,1],"4":[1,1],"5":[1,1],"6":[1,1],"7":[1,1],"8":[1,1],"9":[1,1],"10":[1,1,1],"11":[1,1],"12":[1,1],"13":[1,1],"14":[1,1],"15":[1,1],"16":[1,1],"17":[1,1]},"f":{"1":2,"2":2,"3":2,"4":2,"5":2,"6":1,"7":1,"8":1,"9":2,"10":2,"11":2,"12":2,"13":1},"fnMap":{"1":{"name":"(anonymous_1)","line":12,"loc":{"start":{"line":12,"column":1},"end":{"line":12,"column":13}}},"2":{"name":"(anonymous_2)","line":19,"loc":{"start":{"line":19,"column":5},"end":{"line":19,"column":17}}},"3":{"name":"(anonymous_3)","line":23,"loc":{"start":{"line":23,"column":24},"end":{"line":23,"column":36}}},"4":{"name":"(anonymous_4)","line":61,"loc":{"start":{"line":61,"column":5},"end":{"line":61,"column":17}}},"5":{"name":"(anonymous_5)","line":82,"loc":{"start":{"line":82,"column":5},"end":{"line":82,"column":17}}},"6":{"name":"(anonymous_6)","line":91,"loc":{"start":{"line":91,"column":77},"end":{"line":94,"column":10}}},"7":{"name":"(anonymous_7)","line":112,"loc":{"start":{"line":112,"column":83},"end":{"line":115,"column":10}},"skip":true},"8":{"name":"(anonymous_8)","line":123,"loc":{"start":{"line":123,"column":77},"end":{"line":126,"column":10}},"skip":true},"9":{"name":"(anonymous_9)","line":139,"loc":{"start":{"line":139,"column":12},"end":{"line":139,"column":40}},"skip":true},"10":{"name":"(anonymous_10)","line":147,"loc":{"start":{"line":147,"column":77},"end":{"line":150,"column":10}},"skip":true},"11":{"name":"(anonymous_11)","line":158,"loc":{"start":{"line":158,"column":83},"end":{"line":161,"column":10}},"skip":true},"12":{"name":"(anonymous_12)","line":169,"loc":{"start":{"line":169,"column":79},"end":{"line":172,"column":10}},"skip":true},"13":{"name":"(anonymous_13)","line":180,"loc":{"start":{"line":180,"column":75},"end":{"line":183,"column":10}},"skip":true}},"statementMap":{"1":{"start":{"line":12,"column":0},"end":{"line":195,"column":5}},"2":{"start":{"line":14,"column":4},"end":{"line":14,"column":14}},"3":{"start":{"line":19,"column":4},"end":{"line":56,"column":9}},"4":{"start":{"line":21,"column":8},"end":{"line":21,"column":19}},"5":{"start":{"line":23,"column":8},"end":{"line":35,"column":13}},"6":{"start":{"line":24,"column":12},"end":{"line":34,"column":13}},"7":{"start":{"line":25,"column":16},"end":{"line":28,"column":30}},"8":{"start":{"line":30,"column":16},"end":{"line":33,"column":27}},"9":{"start":{"line":37,"column":8},"end":{"line":39,"column":21}},"10":{"start":{"line":40,"column":8},"end":{"line":53,"column":9}},"11":{"start":{"line":43,"column":12},"end":{"line":46,"column":14}},"12":{"start":{"line":47,"column":12},"end":{"line":47,"column":18}},"13":{"start":{"line":50,"column":12},"end":{"line":51,"column":46}},"14":{"start":{"line":52,"column":12},"end":{"line":52,"column":18}},"15":{"start":{"line":55,"column":8},"end":{"line":55,"column":35}},"16":{"start":{"line":61,"column":4},"end":{"line":63,"column":9}},"17":{"start":{"line":62,"column":8},"end":{"line":62,"column":15}},"18":{"start":{"line":64,"column":4},"end":{"line":77,"column":5}},"19":{"start":{"line":70,"column":8},"end":{"line":70,"column":14}},"20":{"start":{"line":76,"column":8},"end":{"line":76,"column":14}},"21":{"start":{"line":82,"column":4},"end":{"line":84,"column":9}},"22":{"start":{"line":83,"column":8},"end":{"line":83,"column":15}},"23":{"start":{"line":85,"column":4},"end":{"line":194,"column":5}},"24":{"start":{"line":91,"column":8},"end":{"line":99,"column":10}},"25":{"start":{"line":98,"column":12},"end":{"line":98,"column":35}},"26":{"start":{"line":102,"column":8},"end":{"line":104,"column":63}},"27":{"start":{"line":105,"column":8},"end":{"line":105,"column":14}},"28":{"start":{"line":112,"column":8},"end":{"line":121,"column":10},"skip":true},"29":{"start":{"line":119,"column":12},"end":{"line":119,"column":55},"skip":true},"30":{"start":{"line":120,"column":12},"end":{"line":120,"column":48},"skip":true},"31":{"start":{"line":123,"column":8},"end":{"line":136,"column":10},"skip":true},"32":{"start":{"line":130,"column":12},"end":{"line":130,"column":76},"skip":true},"33":{"start":{"line":131,"column":12},"end":{"line":131,"column":73},"skip":true},"34":{"start":{"line":132,"column":12},"end":{"line":132,"column":74},"skip":true},"35":{"start":{"line":133,"column":12},"end":{"line":133,"column":79},"skip":true},"36":{"start":{"line":134,"column":12},"end":{"line":134,"column":25},"skip":true},"37":{"start":{"line":135,"column":12},"end":{"line":135,"column":45},"skip":true},"38":{"start":{"line":138,"column":8},"end":{"line":145,"column":14},"skip":true},"39":{"start":{"line":143,"column":16},"end":{"line":143,"column":29},"skip":true},"40":{"start":{"line":144,"column":16},"end":{"line":144,"column":55},"skip":true},"41":{"start":{"line":147,"column":8},"end":{"line":156,"column":10},"skip":true},"42":{"start":{"line":154,"column":12},"end":{"line":154,"column":25},"skip":true},"43":{"start":{"line":155,"column":12},"end":{"line":155,"column":45},"skip":true},"44":{"start":{"line":158,"column":8},"end":{"line":167,"column":10},"skip":true},"45":{"start":{"line":165,"column":12},"end":{"line":165,"column":25},"skip":true},"46":{"start":{"line":166,"column":12},"end":{"line":166,"column":48},"skip":true},"47":{"start":{"line":169,"column":8},"end":{"line":178,"column":10},"skip":true},"48":{"start":{"line":176,"column":12},"end":{"line":176,"column":25},"skip":true},"49":{"start":{"line":177,"column":12},"end":{"line":177,"column":46},"skip":true},"50":{"start":{"line":180,"column":8},"end":{"line":189,"column":10},"skip":true},"51":{"start":{"line":187,"column":12},"end":{"line":187,"column":94},"skip":true},"52":{"start":{"line":188,"column":12},"end":{"line":188,"column":48},"skip":true},"53":{"start":{"line":192,"column":8},"end":{"line":192,"column":35},"skip":true},"54":{"start":{"line":193,"column":8},"end":{"line":193,"column":14},"skip":true}},"branchMap":{"1":{"line":25,"type":"binary-expr","locations":[{"start":{"line":25,"column":23},"end":{"line":25,"column":62}},{"start":{"line":26,"column":20},"end":{"line":26,"column":70}},{"start":{"line":27,"column":20},"end":{"line":27,"column":71}},{"start":{"line":28,"column":20},"end":{"line":28,"column":29}}]},"2":{"line":30,"type":"binary-expr","locations":[{"start":{"line":30,"column":23},"end":{"line":30,"column":37}},{"start":{"line":31,"column":20},"end":{"line":31,"column":61}},{"start":{"line":32,"column":20},"end":{"line":32,"column":70}},{"start":{"line":33,"column":20},"end":{"line":33,"column":26}}]},"3":{"line":37,"type":"cond-expr","locations":[{"start":{"line":38,"column":14},"end":{"line":38,"column":20}},{"start":{"line":39,"column":14},"end":{"line":39,"column":20}}]},"4":{"line":40,"type":"switch","locations":[{"start":{"line":42,"column":8},"end":{"line":47,"column":18}},{"start":{"line":49,"column":8},"end":{"line":52,"column":18}}]},"5":{"line":44,"type":"binary-expr","locations":[{"start":{"line":44,"column":16},"end":{"line":44,"column":44}},{"start":{"line":44,"column":48},"end":{"line":44,"column":66}}]},"6":{"line":50,"type":"binary-expr","locations":[{"start":{"line":50,"column":21},"end":{"line":50,"column":49}},{"start":{"line":50,"column":53},"end":{"line":50,"column":72}}]},"7":{"line":64,"type":"switch","locations":[{"start":{"line":69,"column":4},"end":{"line":70,"column":14}},{"start":{"line":75,"column":4},"end":{"line":76,"column":14}}]},"8":{"line":85,"type":"switch","locations":[{"start":{"line":90,"column":4},"end":{"line":105,"column":14}},{"start":{"line":111,"column":4},"end":{"line":193,"column":14},"skip":true}]},"9":{"line":91,"type":"binary-expr","locations":[{"start":{"line":91,"column":42},"end":{"line":91,"column":73}},{"start":{"line":91,"column":77},"end":{"line":99,"column":9}}]},"10":{"line":102,"type":"binary-expr","locations":[{"start":{"line":102,"column":18},"end":{"line":102,"column":32}},{"start":{"line":103,"column":12},"end":{"line":103,"column":53}},{"start":{"line":104,"column":12},"end":{"line":104,"column":61}}]},"11":{"line":112,"type":"binary-expr","locations":[{"start":{"line":112,"column":45},"end":{"line":112,"column":79},"skip":true},{"start":{"line":112,"column":83},"end":{"line":121,"column":9},"skip":true}]},"12":{"line":123,"type":"binary-expr","locations":[{"start":{"line":123,"column":42},"end":{"line":123,"column":73},"skip":true},{"start":{"line":123,"column":77},"end":{"line":136,"column":9},"skip":true}]},"13":{"line":138,"type":"binary-expr","locations":[{"start":{"line":138,"column":48},"end":{"line":138,"column":85},"skip":true},{"start":{"line":139,"column":12},"end":{"line":145,"column":13},"skip":true}]},"14":{"line":147,"type":"binary-expr","locations":[{"start":{"line":147,"column":42},"end":{"line":147,"column":73},"skip":true},{"start":{"line":147,"column":77},"end":{"line":156,"column":9},"skip":true}]},"15":{"line":158,"type":"binary-expr","locations":[{"start":{"line":158,"column":45},"end":{"line":158,"column":79},"skip":true},{"start":{"line":158,"column":83},"end":{"line":167,"column":9},"skip":true}]},"16":{"line":169,"type":"binary-expr","locations":[{"start":{"line":169,"column":43},"end":{"line":169,"column":75},"skip":true},{"start":{"line":169,"column":79},"end":{"line":178,"column":9},"skip":true}]},"17":{"line":180,"type":"binary-expr","locations":[{"start":{"line":180,"column":41},"end":{"line":180,"column":71},"skip":true},{"start":{"line":180,"column":75},"end":{"line":189,"column":9},"skip":true}]}},"code":["/* istanbul instrument in package npmtest_turbolinks */","/*jslint","    bitwise: true,","    browser: true,","    maxerr: 8,","    maxlen: 96,","    node: true,","    nomen: true,","    regexp: true,","    stupid: true","*/","(function () {","    'use strict';","    var local;","","","","    // run shared js-env code - pre-init","    (function () {","        // init local","        local = {};","        // init modeJs","        local.modeJs = (function () {","            try {","                return typeof navigator.userAgent === 'string' &&","                    typeof document.querySelector('body') === 'object' &&","                    typeof XMLHttpRequest.prototype.open === 'function' &&","                    'browser';","            } catch (errorCaughtBrowser) {","                return module.exports &&","                    typeof process.versions.node === 'string' &&","                    typeof require('http').createServer === 'function' &&","                    'node';","            }","        }());","        // init global","        local.global = local.modeJs === 'browser'","            ? window","            : global;","        switch (local.modeJs) {","        // re-init local from window.local","        case 'browser':","            local = local.global.utility2.objectSetDefault(","                local.global.utility2_rollup || local.global.local,","                local.global.utility2","            );","            break;","        // re-init local from example.js","        case 'node':","            local = (local.global.utility2_rollup || require('utility2'))","                .requireExampleJsFromReadme();","            break;","        }","        // export local","        local.global.local = local;","    }());","","","","    // run shared js-env code - function","    (function () {","        return;","    }());","    switch (local.modeJs) {","","","","    // run browser js-env code - function","    case 'browser':","        break;","","","","    // run node js-env code - function","    case 'node':","        break;","    }","","","","    // run shared js-env code - post-init","    (function () {","        return;","    }());","    switch (local.modeJs) {","","","","    // run browser js-env code - post-init","    case 'browser':","        local.testCase_browser_nullCase = local.testCase_browser_nullCase || function (","            options,","            onError","        ) {","        /*","         * this function will test browsers's null-case handling-behavior-behavior","         */","            onError(null, options);","        };","","        // run tests","        local.nop(local.modeTest &&","            document.querySelector('#testRunButton1') &&","            document.querySelector('#testRunButton1').click());","        break;","","","","    // run node js-env code - post-init","    /* istanbul ignore next */","    case 'node':","        local.testCase_buildApidoc_default = local.testCase_buildApidoc_default || function (","            options,","            onError","        ) {","        /*","         * this function will test buildApidoc's default handling-behavior-behavior","         */","            options = { modulePathList: module.paths };","            local.buildApidoc(options, onError);","        };","","        local.testCase_buildApp_default = local.testCase_buildApp_default || function (","            options,","            onError","        ) {","        /*","         * this function will test buildApp's default handling-behavior-behavior","         */","            local.testCase_buildReadme_default(options, local.onErrorThrow);","            local.testCase_buildLib_default(options, local.onErrorThrow);","            local.testCase_buildTest_default(options, local.onErrorThrow);","            local.testCase_buildCustomOrg_default(options, local.onErrorThrow);","            options = [];","            local.buildApp(options, onError);","        };","","        local.testCase_buildCustomOrg_default = local.testCase_buildCustomOrg_default ||","            function (options, onError) {","            /*","             * this function will test buildCustomOrg's default handling-behavior","             */","                options = {};","                local.buildCustomOrg(options, onError);","            };","","        local.testCase_buildLib_default = local.testCase_buildLib_default || function (","            options,","            onError","        ) {","        /*","         * this function will test buildLib's default handling-behavior","         */","            options = {};","            local.buildLib(options, onError);","        };","","        local.testCase_buildReadme_default = local.testCase_buildReadme_default || function (","            options,","            onError","        ) {","        /*","         * this function will test buildReadme's default handling-behavior-behavior","         */","            options = {};","            local.buildReadme(options, onError);","        };","","        local.testCase_buildTest_default = local.testCase_buildTest_default || function (","            options,","            onError","        ) {","        /*","         * this function will test buildTest's default handling-behavior","         */","            options = {};","            local.buildTest(options, onError);","        };","","        local.testCase_webpage_default = local.testCase_webpage_default || function (","            options,","            onError","        ) {","        /*","         * this function will test webpage's default handling-behavior","         */","            options = { modeCoverageMerge: true, url: local.serverLocalHost + '?modeTest=1' };","            local.browserTest(options, onError);","        };","","        // run test-server","        local.testRunServer(local);","        break;","    }","}());",""],"l":{"12":2,"14":2,"19":2,"21":2,"23":2,"24":2,"25":2,"30":1,"37":2,"40":2,"43":1,"47":1,"50":1,"52":1,"55":2,"61":2,"62":2,"64":2,"70":1,"76":1,"82":2,"83":2,"85":2,"91":1,"98":1,"102":1,"105":1,"112":1,"119":1,"120":1,"123":1,"130":1,"131":1,"132":1,"133":1,"134":1,"135":1,"138":1,"143":2,"144":2,"147":1,"154":2,"155":2,"158":1,"165":2,"166":2,"169":1,"176":2,"177":2,"180":1,"187":1,"188":1,"192":1,"193":1}},"/home/travis/build/npmtest/node-npmtest-turbolinks/lib.npmtest_turbolinks.js":{"path":"/home/travis/build/npmtest/node-npmtest-turbolinks/lib.npmtest_turbolinks.js","s":{"1":2,"2":2,"3":2,"4":2,"5":2,"6":2,"7":2,"8":1,"9":2,"10":2,"11":2,"12":2,"13":1,"14":1,"15":1,"16":1},"b":{"1":[2,1,1,1],"2":[1,1,1,1],"3":[1,1],"4":[2,2],"5":[1,1]},"f":{"1":2,"2":2,"3":2},"fnMap":{"1":{"name":"(anonymous_1)","line":12,"loc":{"start":{"line":12,"column":1},"end":{"line":12,"column":13}}},"2":{"name":"(anonymous_2)","line":19,"loc":{"start":{"line":19,"column":5},"end":{"line":19,"column":17}}},"3":{"name":"(anonymous_3)","line":23,"loc":{"start":{"line":23,"column":24},"end":{"line":23,"column":36}}}},"statementMap":{"1":{"start":{"line":12,"column":0},"end":{"line":53,"column":5}},"2":{"start":{"line":14,"column":4},"end":{"line":14,"column":14}},"3":{"start":{"line":19,"column":4},"end":{"line":52,"column":9}},"4":{"start":{"line":21,"column":8},"end":{"line":21,"column":19}},"5":{"start":{"line":23,"column":8},"end":{"line":35,"column":13}},"6":{"start":{"line":24,"column":12},"end":{"line":34,"column":13}},"7":{"start":{"line":25,"column":16},"end":{"line":28,"column":30}},"8":{"start":{"line":30,"column":16},"end":{"line":33,"column":27}},"9":{"start":{"line":37,"column":8},"end":{"line":39,"column":21}},"10":{"start":{"line":41,"column":8},"end":{"line":41,"column":54}},"11":{"start":{"line":43,"column":8},"end":{"line":43,"column":55}},"12":{"start":{"line":45,"column":8},"end":{"line":51,"column":9}},"13":{"start":{"line":46,"column":12},"end":{"line":46,"column":61}},"14":{"start":{"line":48,"column":12},"end":{"line":48,"column":35}},"15":{"start":{"line":49,"column":12},"end":{"line":49,"column":49}},"16":{"start":{"line":50,"column":12},"end":{"line":50,"column":43}}},"branchMap":{"1":{"line":25,"type":"binary-expr","locations":[{"start":{"line":25,"column":23},"end":{"line":25,"column":62}},{"start":{"line":26,"column":20},"end":{"line":26,"column":70}},{"start":{"line":27,"column":20},"end":{"line":27,"column":71}},{"start":{"line":28,"column":20},"end":{"line":28,"column":29}}]},"2":{"line":30,"type":"binary-expr","locations":[{"start":{"line":30,"column":23},"end":{"line":30,"column":37}},{"start":{"line":31,"column":20},"end":{"line":31,"column":61}},{"start":{"line":32,"column":20},"end":{"line":32,"column":70}},{"start":{"line":33,"column":20},"end":{"line":33,"column":26}}]},"3":{"line":37,"type":"cond-expr","locations":[{"start":{"line":38,"column":14},"end":{"line":38,"column":20}},{"start":{"line":39,"column":14},"end":{"line":39,"column":20}}]},"4":{"line":41,"type":"binary-expr","locations":[{"start":{"line":41,"column":16},"end":{"line":41,"column":44}},{"start":{"line":41,"column":48},"end":{"line":41,"column":53}}]},"5":{"line":45,"type":"if","locations":[{"start":{"line":45,"column":8},"end":{"line":45,"column":8}},{"start":{"line":45,"column":8},"end":{"line":45,"column":8}}]}},"code":["/* istanbul instrument in package npmtest_turbolinks */","/*jslint","    bitwise: true,","    browser: true,","    maxerr: 8,","    maxlen: 96,","    node: true,","    nomen: true,","    regexp: true,","    stupid: true","*/","(function () {","    'use strict';","    var local;","","","","    // run shared js-env code - pre-init","    (function () {","        // init local","        local = {};","        // init modeJs","        local.modeJs = (function () {","            try {","                return typeof navigator.userAgent === 'string' &&","                    typeof document.querySelector('body') === 'object' &&","                    typeof XMLHttpRequest.prototype.open === 'function' &&","                    'browser';","            } catch (errorCaughtBrowser) {","                return module.exports &&","                    typeof process.versions.node === 'string' &&","                    typeof require('http').createServer === 'function' &&","                    'node';","            }","        }());","        // init global","        local.global = local.modeJs === 'browser'","            ? window","            : global;","        // init utility2_rollup","        local = local.global.utility2_rollup || local;","        // init lib","        local.local = local.npmtest_turbolinks = local;","        // init exports","        if (local.modeJs === 'browser') {","            local.global.utility2_npmtest_turbolinks = local;","        } else {","            module.exports = local;","            module.exports.__dirname = __dirname;","            module.exports.module = module;","        }","    }());","}());",""],"l":{"12":2,"14":2,"19":2,"21":2,"23":2,"24":2,"25":2,"30":1,"37":2,"41":2,"43":2,"45":2,"46":1,"48":1,"49":1,"50":1}},"/home/travis/build/npmtest/node-npmtest-turbolinks/example.js":{"path":"/home/travis/build/npmtest/node-npmtest-turbolinks/example.js","s":{"1":2,"2":2,"3":2,"4":2,"5":2,"6":2,"7":2,"8":1,"9":2,"10":2,"11":2,"12":2,"13":1,"14":2,"15":2,"16":2,"17":2,"18":2,"19":0,"20":2,"21":1,"22":1,"23":1,"24":1,"25":1,"26":0,"27":0,"28":1,"29":1,"30":2,"31":0,"32":0,"33":0,"34":1,"35":2,"36":2,"37":3,"38":3,"39":3,"40":3,"41":0,"42":3,"43":3,"44":3,"45":1,"46":3,"47":1,"48":1,"49":1,"50":1,"51":1,"52":1,"53":1,"54":1,"55":1,"56":1,"57":0,"58":1,"59":6,"60":6,"61":1,"62":2,"63":0,"64":2,"65":1,"66":1,"67":0,"68":0,"69":0,"70":0,"71":0,"72":0,"73":0,"74":0,"75":0,"76":0,"77":0,"78":0,"79":0,"80":0,"81":0,"82":0,"83":0},"b":{"1":[2,1,1,1],"2":[1,1,1,1],"3":[1,1],"4":[2,2],"5":[1,1],"6":[1,1],"7":[2,0],"8":[2,1,1,1,1,1],"9":[0,2,0],"10":[1,1],"11":[2,1,1],"12":[1,0],"13":[0,2],"14":[2,0,0,0,0,0,0],"15":[0,3],"16":[3,0],"17":[1,1],"18":[0,1],"19":[1,2,0,2],"20":[1,0],"21":[1,1],"22":[0,0],"23":[0,0],"24":[0,0],"25":[0,0],"26":[0,0],"27":[0,0],"28":[0,0]},"f":{"1":2,"2":2,"3":2,"4":2,"5":2,"6":2,"7":3,"8":3,"9":3,"10":1,"11":6,"12":0},"fnMap":{"1":{"name":"(anonymous_1)","line":26,"loc":{"start":{"line":26,"column":1},"end":{"line":26,"column":13}}},"2":{"name":"(anonymous_2)","line":33,"loc":{"start":{"line":33,"column":5},"end":{"line":33,"column":17}}},"3":{"name":"(anonymous_3)","line":37,"loc":{"start":{"line":37,"column":24},"end":{"line":37,"column":36}}},"4":{"name":"(anonymous_4)","line":69,"loc":{"start":{"line":69,"column":31},"end":{"line":69,"column":48}},"skip":true},"5":{"name":"(anonymous_5)","line":78,"loc":{"start":{"line":78,"column":26},"end":{"line":78,"column":45}},"skip":true},"6":{"name":"(anonymous_6)","line":123,"loc":{"start":{"line":123,"column":33},"end":{"line":123,"column":48}},"skip":true},"7":{"name":"(anonymous_7)","line":125,"loc":{"start":{"line":125,"column":27},"end":{"line":125,"column":39}},"skip":true},"8":{"name":"(anonymous_8)","line":133,"loc":{"start":{"line":133,"column":59},"end":{"line":133,"column":74}},"skip":true},"9":{"name":"(anonymous_9)","line":143,"loc":{"start":{"line":143,"column":45},"end":{"line":143,"column":62}},"skip":true},"10":{"name":"(anonymous_10)","line":144,"loc":{"start":{"line":144,"column":73},"end":{"line":144,"column":92}},"skip":true},"11":{"name":"(anonymous_11)","line":272,"loc":{"start":{"line":272,"column":51},"end":{"line":272,"column":77}},"skip":true},"12":{"name":"(anonymous_12)","line":315,"loc":{"start":{"line":315,"column":32},"end":{"line":315,"column":61}},"skip":true}},"statementMap":{"1":{"start":{"line":26,"column":0},"end":{"line":326,"column":5}},"2":{"start":{"line":28,"column":4},"end":{"line":28,"column":14}},"3":{"start":{"line":33,"column":4},"end":{"line":60,"column":9}},"4":{"start":{"line":35,"column":8},"end":{"line":35,"column":19}},"5":{"start":{"line":37,"column":8},"end":{"line":49,"column":13}},"6":{"start":{"line":38,"column":12},"end":{"line":48,"column":13}},"7":{"start":{"line":39,"column":16},"end":{"line":42,"column":30}},"8":{"start":{"line":44,"column":16},"end":{"line":47,"column":27}},"9":{"start":{"line":51,"column":8},"end":{"line":53,"column":21}},"10":{"start":{"line":55,"column":8},"end":{"line":57,"column":45}},"11":{"start":{"line":59,"column":8},"end":{"line":59,"column":35}},"12":{"start":{"line":61,"column":4},"end":{"line":325,"column":5}},"13":{"start":{"line":69,"column":8},"end":{"line":121,"column":10},"skip":true},"14":{"start":{"line":70,"column":12},"end":{"line":88,"column":13},"skip":true},"15":{"start":{"line":76,"column":16},"end":{"line":87,"column":19},"skip":true},"16":{"start":{"line":79,"column":20},"end":{"line":86,"column":21},"skip":true},"17":{"start":{"line":82,"column":24},"end":{"line":82,"column":43},"skip":true},"18":{"start":{"line":83,"column":24},"end":{"line":83,"column":30},"skip":true},"19":{"start":{"line":85,"column":24},"end":{"line":85,"column":49},"skip":true},"20":{"start":{"line":89,"column":12},"end":{"line":107,"column":13},"skip":true},"21":{"start":{"line":92,"column":16},"end":{"line":102,"column":17},"skip":true},"22":{"start":{"line":93,"column":20},"end":{"line":93,"column":86},"skip":true},"23":{"start":{"line":94,"column":20},"end":{"line":95,"column":45},"skip":true},"24":{"start":{"line":96,"column":20},"end":{"line":96,"column":42},"skip":true},"25":{"start":{"line":97,"column":20},"end":{"line":97,"column":48},"skip":true},"26":{"start":{"line":100,"column":20},"end":{"line":100,"column":85},"skip":true},"27":{"start":{"line":101,"column":20},"end":{"line":101,"column":96},"skip":true},"28":{"start":{"line":103,"column":16},"end":{"line":103,"column":22},"skip":true},"29":{"start":{"line":106,"column":16},"end":{"line":106,"column":22},"skip":true},"30":{"start":{"line":108,"column":12},"end":{"line":120,"column":13},"skip":true},"31":{"start":{"line":114,"column":16},"end":{"line":119,"column":17},"skip":true},"32":{"start":{"line":116,"column":20},"end":{"line":116,"column":78},"skip":true},"33":{"start":{"line":118,"column":20},"end":{"line":118,"column":47},"skip":true},"34":{"start":{"line":123,"column":8},"end":{"line":141,"column":11},"skip":true},"35":{"start":{"line":124,"column":12},"end":{"line":124,"column":54},"skip":true},"36":{"start":{"line":125,"column":12},"end":{"line":140,"column":14},"skip":true},"37":{"start":{"line":126,"column":16},"end":{"line":126,"column":28},"skip":true},"38":{"start":{"line":127,"column":16},"end":{"line":127,"column":69},"skip":true},"39":{"start":{"line":128,"column":16},"end":{"line":128,"column":75},"skip":true},"40":{"start":{"line":129,"column":16},"end":{"line":131,"column":17},"skip":true},"41":{"start":{"line":130,"column":20},"end":{"line":130,"column":27},"skip":true},"42":{"start":{"line":133,"column":16},"end":{"line":137,"column":36},"skip":true},"43":{"start":{"line":134,"column":20},"end":{"line":136,"column":55},"skip":true},"44":{"start":{"line":139,"column":16},"end":{"line":139,"column":57},"skip":true},"45":{"start":{"line":143,"column":8},"end":{"line":147,"column":11},"skip":true},"46":{"start":{"line":144,"column":12},"end":{"line":146,"column":15},"skip":true},"47":{"start":{"line":145,"column":16},"end":{"line":145,"column":70},"skip":true},"48":{"start":{"line":149,"column":8},"end":{"line":149,"column":31},"skip":true},"49":{"start":{"line":150,"column":8},"end":{"line":150,"column":14},"skip":true},"50":{"start":{"line":158,"column":8},"end":{"line":158,"column":31},"skip":true},"51":{"start":{"line":160,"column":8},"end":{"line":160,"column":33},"skip":true},"52":{"start":{"line":161,"column":8},"end":{"line":161,"column":37},"skip":true},"53":{"start":{"line":162,"column":8},"end":{"line":162,"column":35},"skip":true},"54":{"start":{"line":164,"column":8},"end":{"line":164,"column":50},"skip":true},"55":{"start":{"line":166,"column":8},"end":{"line":256,"column":2},"skip":true},"56":{"start":{"line":258,"column":8},"end":{"line":286,"column":9},"skip":true},"57":{"start":{"line":259,"column":12},"end":{"line":269,"column":14},"skip":true},"58":{"start":{"line":271,"column":12},"end":{"line":285,"column":19},"skip":true},"59":{"start":{"line":274,"column":20},"end":{"line":274,"column":35},"skip":true},"60":{"start":{"line":275,"column":20},"end":{"line":284,"column":21},"skip":true},"61":{"start":{"line":277,"column":24},"end":{"line":277,"column":64},"skip":true},"62":{"start":{"line":279,"column":24},"end":{"line":279,"column":40},"skip":true},"63":{"start":{"line":281,"column":24},"end":{"line":281,"column":40},"skip":true},"64":{"start":{"line":283,"column":24},"end":{"line":283,"column":39},"skip":true},"65":{"start":{"line":288,"column":8},"end":{"line":290,"column":9},"skip":true},"66":{"start":{"line":289,"column":12},"end":{"line":289,"column":18},"skip":true},"67":{"start":{"line":291,"column":8},"end":{"line":293,"column":54},"skip":true},"68":{"start":{"line":296,"column":8},"end":{"line":301,"column":37},"skip":true},"69":{"start":{"line":303,"column":8},"end":{"line":303,"column":82},"skip":true},"70":{"start":{"line":306,"column":8},"end":{"line":308,"column":9},"skip":true},"71":{"start":{"line":307,"column":12},"end":{"line":307,"column":82},"skip":true},"72":{"start":{"line":310,"column":8},"end":{"line":312,"column":9},"skip":true},"73":{"start":{"line":311,"column":12},"end":{"line":311,"column":18},"skip":true},"74":{"start":{"line":313,"column":8},"end":{"line":313,"column":54},"skip":true},"75":{"start":{"line":314,"column":8},"end":{"line":314,"column":69},"skip":true},"76":{"start":{"line":315,"column":8},"end":{"line":323,"column":36},"skip":true},"77":{"start":{"line":316,"column":12},"end":{"line":316,"column":61},"skip":true},"78":{"start":{"line":317,"column":12},"end":{"line":320,"column":13},"skip":true},"79":{"start":{"line":318,"column":16},"end":{"line":318,"column":75},"skip":true},"80":{"start":{"line":319,"column":16},"end":{"line":319,"column":23},"skip":true},"81":{"start":{"line":321,"column":12},"end":{"line":321,"column":38},"skip":true},"82":{"start":{"line":322,"column":12},"end":{"line":322,"column":27},"skip":true},"83":{"start":{"line":324,"column":8},"end":{"line":324,"column":14},"skip":true}},"branchMap":{"1":{"line":39,"type":"binary-expr","locations":[{"start":{"line":39,"column":23},"end":{"line":39,"column":62}},{"start":{"line":40,"column":20},"end":{"line":40,"column":70}},{"start":{"line":41,"column":20},"end":{"line":41,"column":71}},{"start":{"line":42,"column":20},"end":{"line":42,"column":29}}]},"2":{"line":44,"type":"binary-expr","locations":[{"start":{"line":44,"column":23},"end":{"line":44,"column":37}},{"start":{"line":45,"column":20},"end":{"line":45,"column":61}},{"start":{"line":46,"column":20},"end":{"line":46,"column":70}},{"start":{"line":47,"column":20},"end":{"line":47,"column":26}}]},"3":{"line":51,"type":"cond-expr","locations":[{"start":{"line":52,"column":14},"end":{"line":52,"column":20}},{"start":{"line":53,"column":14},"end":{"line":53,"column":20}}]},"4":{"line":55,"type":"binary-expr","locations":[{"start":{"line":55,"column":16},"end":{"line":55,"column":44}},{"start":{"line":55,"column":49},"end":{"line":57,"column":43}}]},"5":{"line":55,"type":"cond-expr","locations":[{"start":{"line":56,"column":14},"end":{"line":56,"column":54}},{"start":{"line":57,"column":14},"end":{"line":57,"column":43}}]},"6":{"line":61,"type":"switch","locations":[{"start":{"line":68,"column":4},"end":{"line":150,"column":14},"skip":true},{"start":{"line":156,"column":4},"end":{"line":324,"column":14},"skip":true}]},"7":{"line":70,"type":"if","locations":[{"start":{"line":70,"column":12},"end":{"line":70,"column":12},"skip":true},{"start":{"line":70,"column":12},"end":{"line":70,"column":12},"skip":true}]},"8":{"line":70,"type":"binary-expr","locations":[{"start":{"line":70,"column":16},"end":{"line":70,"column":22},"skip":true},{"start":{"line":70,"column":27},"end":{"line":70,"column":32},"skip":true},{"start":{"line":71,"column":20},"end":{"line":71,"column":39},"skip":true},{"start":{"line":72,"column":20},"end":{"line":72,"column":49},"skip":true},{"start":{"line":73,"column":20},"end":{"line":73,"column":58},"skip":true},{"start":{"line":74,"column":20},"end":{"line":74,"column":69},"skip":true}]},"9":{"line":79,"type":"switch","locations":[{"start":{"line":80,"column":20},"end":{"line":80,"column":33},"skip":true},{"start":{"line":81,"column":20},"end":{"line":83,"column":30},"skip":true},{"start":{"line":84,"column":20},"end":{"line":85,"column":49},"skip":true}]},"10":{"line":89,"type":"switch","locations":[{"start":{"line":90,"column":12},"end":{"line":103,"column":22},"skip":true},{"start":{"line":105,"column":12},"end":{"line":106,"column":22},"skip":true}]},"11":{"line":89,"type":"binary-expr","locations":[{"start":{"line":89,"column":20},"end":{"line":89,"column":25},"skip":true},{"start":{"line":89,"column":29},"end":{"line":89,"column":48},"skip":true},{"start":{"line":89,"column":52},"end":{"line":89,"column":74},"skip":true}]},"12":{"line":92,"type":"if","locations":[{"start":{"line":92,"column":16},"end":{"line":92,"column":16},"skip":true},{"start":{"line":92,"column":16},"end":{"line":92,"column":16},"skip":true}]},"13":{"line":108,"type":"if","locations":[{"start":{"line":108,"column":12},"end":{"line":108,"column":12},"skip":true},{"start":{"line":108,"column":12},"end":{"line":108,"column":12},"skip":true}]},"14":{"line":108,"type":"binary-expr","locations":[{"start":{"line":108,"column":16},"end":{"line":108,"column":61},"skip":true},{"start":{"line":108,"column":66},"end":{"line":108,"column":72},"skip":true},{"start":{"line":108,"column":77},"end":{"line":108,"column":82},"skip":true},{"start":{"line":109,"column":20},"end":{"line":109,"column":39},"skip":true},{"start":{"line":110,"column":20},"end":{"line":110,"column":49},"skip":true},{"start":{"line":111,"column":20},"end":{"line":111,"column":58},"skip":true},{"start":{"line":112,"column":20},"end":{"line":112,"column":68},"skip":true}]},"15":{"line":129,"type":"if","locations":[{"start":{"line":129,"column":16},"end":{"line":129,"column":16},"skip":true},{"start":{"line":129,"column":16},"end":{"line":129,"column":16},"skip":true}]},"16":{"line":134,"type":"cond-expr","locations":[{"start":{"line":135,"column":26},"end":{"line":135,"column":29},"skip":true},{"start":{"line":136,"column":26},"end":{"line":136,"column":54},"skip":true}]},"17":{"line":164,"type":"binary-expr","locations":[{"start":{"line":164,"column":27},"end":{"line":164,"column":43},"skip":true},{"start":{"line":164,"column":47},"end":{"line":164,"column":49},"skip":true}]},"18":{"line":258,"type":"if","locations":[{"start":{"line":258,"column":8},"end":{"line":258,"column":8},"skip":true},{"start":{"line":258,"column":8},"end":{"line":258,"column":8},"skip":true}]},"19":{"line":275,"type":"switch","locations":[{"start":{"line":276,"column":20},"end":{"line":277,"column":64},"skip":true},{"start":{"line":278,"column":20},"end":{"line":279,"column":40},"skip":true},{"start":{"line":280,"column":20},"end":{"line":281,"column":40},"skip":true},{"start":{"line":282,"column":20},"end":{"line":283,"column":39},"skip":true}]},"20":{"line":288,"type":"if","locations":[{"start":{"line":288,"column":8},"end":{"line":288,"column":8},"skip":true},{"start":{"line":288,"column":8},"end":{"line":288,"column":8},"skip":true}]},"21":{"line":288,"type":"binary-expr","locations":[{"start":{"line":288,"column":12},"end":{"line":288,"column":40},"skip":true},{"start":{"line":288,"column":44},"end":{"line":288,"column":67},"skip":true}]},"22":{"line":292,"type":"binary-expr","locations":[{"start":{"line":292,"column":12},"end":{"line":292,"column":50},"skip":true},{"start":{"line":293,"column":12},"end":{"line":293,"column":53},"skip":true}]},"23":{"line":297,"type":"binary-expr","locations":[{"start":{"line":297,"column":12},"end":{"line":297,"column":68},"skip":true},{"start":{"line":298,"column":12},"end":{"line":301,"column":36},"skip":true}]},"24":{"line":303,"type":"binary-expr","locations":[{"start":{"line":303,"column":43},"end":{"line":303,"column":75},"skip":true},{"start":{"line":303,"column":79},"end":{"line":303,"column":81},"skip":true}]},"25":{"line":306,"type":"if","locations":[{"start":{"line":306,"column":8},"end":{"line":306,"column":8},"skip":true},{"start":{"line":306,"column":8},"end":{"line":306,"column":8},"skip":true}]},"26":{"line":310,"type":"if","locations":[{"start":{"line":310,"column":8},"end":{"line":310,"column":8},"skip":true},{"start":{"line":310,"column":8},"end":{"line":310,"column":8},"skip":true}]},"27":{"line":313,"type":"binary-expr","locations":[{"start":{"line":313,"column":27},"end":{"line":313,"column":43},"skip":true},{"start":{"line":313,"column":47},"end":{"line":313,"column":53},"skip":true}]},"28":{"line":317,"type":"if","locations":[{"start":{"line":317,"column":12},"end":{"line":317,"column":12},"skip":true},{"start":{"line":317,"column":12},"end":{"line":317,"column":12},"skip":true}]}},"code":["/*","example.js","","quickstart example","","instruction","    1. save this script as example.js","    2. run the shell command:","        $ npm install npmtest-turbolinks && PORT=8081 node example.js","    3. play with the browser-demo on http://127.0.0.1:8081","*/","","","","/* istanbul instrument in package npmtest_turbolinks */","/*jslint","    bitwise: true,","    browser: true,","    maxerr: 8,","    maxlen: 96,","    node: true,","    nomen: true,","    regexp: true,","    stupid: true","*/","(function () {","    'use strict';","    var local;","","","","    // run shared js-env code - pre-init","    (function () {","        // init local","        local = {};","        // init modeJs","        local.modeJs = (function () {","            try {","                return typeof navigator.userAgent === 'string' &&","                    typeof document.querySelector('body') === 'object' &&","                    typeof XMLHttpRequest.prototype.open === 'function' &&","                    'browser';","            } catch (errorCaughtBrowser) {","                return module.exports &&","                    typeof process.versions.node === 'string' &&","                    typeof require('http').createServer === 'function' &&","                    'node';","            }","        }());","        // init global","        local.global = local.modeJs === 'browser'","            ? window","            : global;","        // init utility2_rollup","        local = local.global.utility2_rollup || (local.modeJs === 'browser'","            ? local.global.utility2_npmtest_turbolinks","            : global.utility2_moduleExports);","        // export local","        local.global.local = local;","    }());","    switch (local.modeJs) {","","","","    // post-init","    // run browser js-env code - post-init","    /* istanbul ignore next */","    case 'browser':","        local.testRunBrowser = function (event) {","            if (!event || (event &&","                    event.currentTarget &&","                    event.currentTarget.className &&","                    event.currentTarget.className.includes &&","                    event.currentTarget.className.includes('onreset'))) {","                // reset output","                Array.from(","                    document.querySelectorAll('body > .resettable')","                ).forEach(function (element) {","                    switch (element.tagName) {","                    case 'INPUT':","                    case 'TEXTAREA':","                        element.value = '';","                        break;","                    default:","                        element.textContent = '';","                    }","                });","            }","            switch (event && event.currentTarget && event.currentTarget.id) {","            case 'testRunButton1':","                // show tests","                if (document.querySelector('#testReportDiv1').style.display === 'none') {","                    document.querySelector('#testReportDiv1').style.display = 'block';","                    document.querySelector('#testRunButton1').textContent =","                        'hide internal test';","                    local.modeTest = true;","                    local.testRunDefault(local);","                // hide tests","                } else {","                    document.querySelector('#testReportDiv1').style.display = 'none';","                    document.querySelector('#testRunButton1').textContent = 'run internal test';","                }","                break;","            // custom-case","            default:","                break;","            }","            if (document.querySelector('#inputTextareaEval1') && (!event || (event &&","                    event.currentTarget &&","                    event.currentTarget.className &&","                    event.currentTarget.className.includes &&","                    event.currentTarget.className.includes('oneval')))) {","                // try to eval input-code","                try {","                    /*jslint evil: true*/","                    eval(document.querySelector('#inputTextareaEval1').value);","                } catch (errorCaught) {","                    console.error(errorCaught);","                }","            }","        };","        // log stderr and stdout to #outputTextareaStdout1","        ['error', 'log'].forEach(function (key) {","            console[key + '_original'] = console[key];","            console[key] = function () {","                var element;","                console[key + '_original'].apply(console, arguments);","                element = document.querySelector('#outputTextareaStdout1');","                if (!element) {","                    return;","                }","                // append text to #outputTextareaStdout1","                element.value += Array.from(arguments).map(function (arg) {","                    return typeof arg === 'string'","                        ? arg","                        : JSON.stringify(arg, null, 4);","                }).join(' ') + '\\n';","                // scroll textarea to bottom","                element.scrollTop = element.scrollHeight;","            };","        });","        // init event-handling","        ['change', 'click', 'keyup'].forEach(function (event) {","            Array.from(document.querySelectorAll('.on' + event)).forEach(function (element) {","                element.addEventListener(event, local.testRunBrowser);","            });","        });","        // run tests","        local.testRunBrowser();","        break;","","","","    // run node js-env code - post-init","    /* istanbul ignore next */","    case 'node':","        // export local","        module.exports = local;","        // require modules","        local.fs = require('fs');","        local.http = require('http');","        local.url = require('url');","        // init assets","        local.assetsDict = local.assetsDict || {};","        /* jslint-ignore-begin */","        local.assetsDict['/assets.index.template.html'] = '\\","<!doctype html>\\n\\","<html lang=\"en\">\\n\\","<head>\\n\\","<meta charset=\"UTF-8\">\\n\\","<meta name=\"viewport\" content=\"width=device-width, initial-scale=1\">\\n\\","<title>{{env.npm_package_name}} (v{{env.npm_package_version}})</title>\\n\\","<style>\\n\\","/*csslint\\n\\","    box-sizing: false,\\n\\","    universal-selector: false\\n\\","*/\\n\\","* {\\n\\","    box-sizing: border-box;\\n\\","}\\n\\","body {\\n\\","    background: #dde;\\n\\","    font-family: Arial, Helvetica, sans-serif;\\n\\","    margin: 2rem;\\n\\","}\\n\\","body > * {\\n\\","    margin-bottom: 1rem;\\n\\","}\\n\\",".utility2FooterDiv {\\n\\","    margin-top: 20px;\\n\\","    text-align: center;\\n\\","}\\n\\","</style>\\n\\","<style>\\n\\","/*csslint\\n\\","*/\\n\\","textarea {\\n\\","    font-family: monospace;\\n\\","    height: 10rem;\\n\\","    width: 100%;\\n\\","}\\n\\","textarea[readonly] {\\n\\","    background: #ddd;\\n\\","}\\n\\","</style>\\n\\","</head>\\n\\","<body>\\n\\","<!-- utility2-comment\\n\\","<div id=\"ajaxProgressDiv1\" style=\"background: #d00; height: 2px; left: 0; margin: 0; padding: 0; position: fixed; top: 0; transition: background 0.5s, width 1.5s; width: 25%;\"></div>\\n\\","utility2-comment -->\\n\\","<h1>\\n\\","<!-- utility2-comment\\n\\","    <a\\n\\","        {{#if env.npm_package_homepage}}\\n\\","        href=\"{{env.npm_package_homepage}}\"\\n\\","        {{/if env.npm_package_homepage}}\\n\\","        target=\"_blank\"\\n\\","    >\\n\\","utility2-comment -->\\n\\","        {{env.npm_package_name}} (v{{env.npm_package_version}})\\n\\","<!-- utility2-comment\\n\\","    </a>\\n\\","utility2-comment -->\\n\\","</h1>\\n\\","<h3>{{env.npm_package_description}}</h3>\\n\\","<!-- utility2-comment\\n\\","<h4><a download href=\"assets.app.js\">download standalone app</a></h4>\\n\\","<button class=\"onclick onreset\" id=\"testRunButton1\">run internal test</button><br>\\n\\","<div id=\"testReportDiv1\" style=\"display: none;\"></div>\\n\\","utility2-comment -->\\n\\","\\n\\","\\n\\","\\n\\","<label>stderr and stdout</label>\\n\\","<textarea class=\"resettable\" id=\"outputTextareaStdout1\" readonly></textarea>\\n\\","<!-- utility2-comment\\n\\","{{#if isRollup}}\\n\\","<script src=\"assets.app.js\"></script>\\n\\","{{#unless isRollup}}\\n\\","utility2-comment -->\\n\\","<script src=\"assets.utility2.rollup.js\"></script>\\n\\","<script src=\"jsonp.utility2._stateInit?callback=window.utility2._stateInit\"></script>\\n\\","<script src=\"assets.npmtest_turbolinks.rollup.js\"></script>\\n\\","<script src=\"assets.example.js\"></script>\\n\\","<script src=\"assets.test.js\"></script>\\n\\","<!-- utility2-comment\\n\\","{{/if isRollup}}\\n\\","utility2-comment -->\\n\\","<div class=\"utility2FooterDiv\">\\n\\","    [ this app was created with\\n\\","    <a href=\"https://github.com/kaizhu256/node-utility2\" target=\"_blank\">utility2</a>\\n\\","    ]\\n\\","</div>\\n\\","</body>\\n\\","</html>\\n\\","';","        /* jslint-ignore-end */","        if (local.templateRender) {","            local.assetsDict['/'] = local.templateRender(","                local.assetsDict['/assets.index.template.html'],","                {","                    env: local.objectSetDefault(local.env, {","                        npm_package_description: 'the greatest app in the world!',","                        npm_package_name: 'my-app',","                        npm_package_nameAlias: 'my_app',","                        npm_package_version: '0.0.1'","                    })","                }","            );","        } else {","            local.assetsDict['/'] = local.assetsDict['/assets.index.template.html']","                .replace((/\\{\\{env\\.(\\w+?)\\}\\}/g), function (match0, match1) {","                    // jslint-hack","                    String(match0);","                    switch (match1) {","                    case 'npm_package_description':","                        return 'the greatest app in the world!';","                    case 'npm_package_name':","                        return 'my-app';","                    case 'npm_package_nameAlias':","                        return 'my_app';","                    case 'npm_package_version':","                        return '0.0.1';","                    }","                });","        }","        // run the cli","        if (local.global.utility2_rollup || module !== require.main) {","            break;","        }","        local.assetsDict['/assets.example.js'] =","            local.assetsDict['/assets.example.js'] ||","            local.fs.readFileSync(__filename, 'utf8');","        // bug-workaround - long $npm_package_buildCustomOrg","        /* jslint-ignore-begin */","        local.assetsDict['/assets.npmtest_turbolinks.rollup.js'] =","            local.assetsDict['/assets.npmtest_turbolinks.rollup.js'] ||","            local.fs.readFileSync(","                local.npmtest_turbolinks.__dirname + '/lib.npmtest_turbolinks.js',","                'utf8'","            ).replace((/^#!/), '//');","        /* jslint-ignore-end */","        local.assetsDict['/favicon.ico'] = local.assetsDict['/favicon.ico'] || '';","        // if $npm_config_timeout_exit exists,","        // then exit this process after $npm_config_timeout_exit ms","        if (Number(process.env.npm_config_timeout_exit)) {","            setTimeout(process.exit, Number(process.env.npm_config_timeout_exit));","        }","        // start server","        if (local.global.utility2_serverHttp1) {","            break;","        }","        process.env.PORT = process.env.PORT || '8081';","        console.error('server starting on port ' + process.env.PORT);","        local.http.createServer(function (request, response) {","            request.urlParsed = local.url.parse(request.url);","            if (local.assetsDict[request.urlParsed.pathname] !== undefined) {","                response.end(local.assetsDict[request.urlParsed.pathname]);","                return;","            }","            response.statusCode = 404;","            response.end();","        }).listen(process.env.PORT);","        break;","    }","}());",""],"l":{"26":2,"28":2,"33":2,"35":2,"37":2,"38":2,"39":2,"44":1,"51":2,"55":2,"59":2,"61":2,"69":1,"70":2,"76":2,"79":2,"82":2,"83":2,"85":1,"89":2,"92":1,"93":1,"94":1,"96":1,"97":1,"100":1,"101":1,"103":1,"106":1,"108":2,"114":1,"116":1,"118":1,"123":1,"124":2,"125":2,"126":3,"127":3,"128":3,"129":3,"130":1,"133":3,"134":3,"139":3,"143":1,"144":3,"145":1,"149":1,"150":1,"158":1,"160":1,"161":1,"162":1,"164":1,"166":1,"258":1,"259":1,"271":1,"274":6,"275":6,"277":1,"279":2,"281":1,"283":2,"288":1,"289":1,"291":1,"296":1,"303":1,"306":1,"307":1,"310":1,"311":1,"313":1,"314":1,"315":1,"316":1,"317":1,"318":1,"319":1,"321":1,"322":1,"324":1}},"/home/travis/build/npmtest/node-npmtest-turbolinks/node_modules/turbolinks/dist/turbolinks.js":{"path":"/home/travis/build/npmtest/node-npmtest-turbolinks/node_modules/turbolinks/dist/turbolinks.js","s":{"1":2,"2":2,"3":2,"4":2,"5":2,"6":0,"7":0,"8":0,"9":0,"10":0,"11":0,"12":0,"13":0,"14":0,"15":0,"16":0,"17":0,"18":0,"19":0,"20":0,"21":0,"22":0,"23":0,"24":0,"25":0,"26":0,"27":0,"28":0,"29":0,"30":0,"31":0,"32":0,"33":0,"34":0,"35":0,"36":0,"37":1,"38":0,"39":0,"40":0,"41":0,"42":0,"43":0,"44":0,"45":0,"46":0,"47":0,"48":0,"49":0,"50":0,"51":0,"52":0,"53":0,"54":0,"55":0,"56":0,"57":0,"58":0,"59":0,"60":0,"61":0,"62":0,"63":0,"64":0,"65":0,"66":1,"67":0,"68":0,"69":0,"70":0,"71":0,"72":0,"73":0,"74":0,"75":0,"76":0,"77":0,"78":0,"79":0,"80":0,"81":0,"82":0,"83":0,"84":0,"85":0,"86":0,"87":0,"88":0,"89":0,"90":0,"91":0,"92":0,"93":0,"94":0,"95":0,"96":1,"97":0,"98":0,"99":0,"100":0,"101":0,"102":0,"103":0,"104":0,"105":0,"106":0,"107":0,"108":0,"109":0,"110":0,"111":0,"112":0,"113":0,"114":0,"115":0,"116":0,"117":0,"118":0,"119":0,"120":0,"121":0,"122":0,"123":1,"124":0,"125":0,"126":0,"127":0,"128":0,"129":0,"130":0,"131":0,"132":0,"133":0,"134":0,"135":0,"136":0,"137":0,"138":0,"139":0,"140":0,"141":0,"142":0,"143":0,"144":0,"145":0,"146":0,"147":0,"148":1,"149":0,"150":0,"151":0,"152":0,"153":0,"154":0,"155":0,"156":0,"157":0,"158":0,"159":0,"160":0,"161":1,"162":0,"163":0,"164":0,"165":0,"166":0,"167":0,"168":0,"169":0,"170":0,"171":0,"172":0,"173":0,"174":0,"175":0,"176":0,"177":0,"178":0,"179":0,"180":0,"181":1,"182":0,"183":0,"184":0,"185":0,"186":0,"187":0,"188":0,"189":0,"190":0,"191":0,"192":0,"193":0,"194":0,"195":0,"196":0,"197":0,"198":1,"199":0,"200":0,"201":0,"202":0,"203":0,"204":0,"205":0,"206":0,"207":0,"208":0,"209":0,"210":0,"211":0,"212":0,"213":0,"214":0,"215":0,"216":0,"217":0,"218":0,"219":0,"220":0,"221":0,"222":0,"223":0,"224":0,"225":0,"226":0,"227":0,"228":0,"229":0,"230":0,"231":1,"232":0,"233":0,"234":0,"235":0,"236":0,"237":1,"238":0,"239":0,"240":0,"241":0,"242":0,"243":0,"244":0,"245":0,"246":0,"247":0,"248":0,"249":0,"250":0,"251":0,"252":0,"253":0,"254":0,"255":0,"256":0,"257":0,"258":0,"259":0,"260":0,"261":0,"262":0,"263":0,"264":0,"265":0,"266":0,"267":0,"268":0,"269":0,"270":0,"271":0,"272":0,"273":0,"274":0,"275":0,"276":0,"277":0,"278":0,"279":0,"280":0,"281":0,"282":1,"283":0,"284":0,"285":0,"286":0,"287":0,"288":1,"289":0,"290":0,"291":0,"292":0,"293":0,"294":0,"295":0,"296":0,"297":0,"298":0,"299":0,"300":0,"301":1,"302":0,"303":0,"304":0,"305":0,"306":0,"307":0,"308":0,"309":0,"310":0,"311":0,"312":0,"313":0,"314":0,"315":1,"316":0,"317":0,"318":0,"319":0,"320":0,"321":0,"322":0,"323":0,"324":0,"325":0,"326":0,"327":1,"328":0,"329":0,"330":0,"331":0,"332":0,"333":0,"334":0,"335":0,"336":0,"337":0,"338":0,"339":0,"340":0,"341":0,"342":0,"343":0,"344":0,"345":0,"346":0,"347":0,"348":0,"349":0,"350":0,"351":0,"352":1,"353":0,"354":0,"355":0,"356":0,"357":0,"358":0,"359":0,"360":0,"361":0,"362":0,"363":0,"364":0,"365":0,"366":0,"367":0,"368":0,"369":0,"370":0,"371":0,"372":0,"373":0,"374":0,"375":0,"376":0,"377":0,"378":0,"379":0,"380":0,"381":0,"382":0,"383":0,"384":0,"385":0,"386":0,"387":0,"388":0,"389":0,"390":0,"391":0,"392":0,"393":0,"394":0,"395":0,"396":0,"397":0,"398":0,"399":0,"400":0,"401":0,"402":0,"403":0,"404":0,"405":0,"406":1,"407":0,"408":0,"409":0,"410":0,"411":0,"412":0,"413":0,"414":0,"415":0,"416":0,"417":0,"418":0,"419":0,"420":0,"421":0,"422":0,"423":0,"424":0,"425":0,"426":0,"427":0,"428":0,"429":0,"430":0,"431":0,"432":0,"433":0,"434":0,"435":0,"436":0,"437":0,"438":0,"439":0,"440":0,"441":0,"442":0,"443":0,"444":0,"445":0,"446":0,"447":0,"448":0,"449":0,"450":0,"451":0,"452":0,"453":0,"454":0,"455":0,"456":0,"457":0,"458":0,"459":0,"460":0,"461":0,"462":0,"463":0,"464":0,"465":0,"466":0,"467":0,"468":0,"469":0,"470":0,"471":0,"472":0,"473":0,"474":0,"475":0,"476":0},"b":{"1":[2,0],"2":[0,0],"3":[0,0],"4":[0,0],"5":[0,0],"6":[0,0],"7":[0,0],"8":[0,0],"9":[0,0],"10":[0,0],"11":[0,0],"12":[0,0,0,0],"13":[0,0],"14":[0,0],"15":[0,0],"16":[0,0],"17":[0,0],"18":[0,0],"19":[0,0],"20":[0,0],"21":[0,0],"22":[0,0],"23":[0,0],"24":[0,0],"25":[0,0],"26":[0,0],"27":[0,0],"28":[0,0],"29":[0,0],"30":[0,0],"31":[0,0],"32":[0,0],"33":[0,0],"34":[0,0],"35":[0,0],"36":[0,0],"37":[0,0],"38":[0,0],"39":[0,0],"40":[0,0],"41":[0,0],"42":[0,0],"43":[0,0],"44":[0,0,0],"45":[0,0],"46":[0,0],"47":[0,0],"48":[0,0],"49":[0,0],"50":[0,0],"51":[0,0],"52":[0,0],"53":[0,0],"54":[0,0],"55":[0,0],"56":[0,0],"57":[0,0],"58":[0,0],"59":[0,0],"60":[0,0],"61":[0,0,0],"62":[0,0],"63":[0,0],"64":[0,0],"65":[0,0],"66":[0,0],"67":[0,0,0],"68":[0,0],"69":[0,0],"70":[0,0],"71":[0,0],"72":[0,0],"73":[0,0],"74":[0,0],"75":[0,0],"76":[0,0],"77":[0,0],"78":[0,0],"79":[0,0],"80":[0,0],"81":[0,0],"82":[0,0],"83":[0,0],"84":[0,0],"85":[0,0],"86":[0,0],"87":[0,0],"88":[0,0],"89":[0,0],"90":[0,0],"91":[0,0],"92":[0,0,0,0,0],"93":[0,0],"94":[0,0],"95":[0,0],"96":[0,0],"97":[0,0],"98":[0,0],"99":[0,0],"100":[0,0],"101":[0,0],"102":[0,0],"103":[0,0],"104":[0,0],"105":[0,0],"106":[0,0],"107":[0,0],"108":[0,0],"109":[0,0],"110":[0,0],"111":[0,0],"112":[0,0],"113":[0,0],"114":[0,0,0],"115":[0,0],"116":[0,0],"117":[0,0],"118":[0,0],"119":[0,0],"120":[0,0],"121":[0,0],"122":[0,0],"123":[0,0],"124":[0,0],"125":[0,0],"126":[0,0],"127":[0,0],"128":[0,0],"129":[0,0],"130":[0,0],"131":[0,0,0,0,0],"132":[0,0],"133":[0,0],"134":[0,0],"135":[0,0],"136":[0,0,0,0,0,0,0],"137":[0,0],"138":[0,0],"139":[0,0],"140":[0,0],"141":[0,0],"142":[0,0],"143":[0,0],"144":[0,0],"145":[0,0],"146":[0,0],"147":[0,0],"148":[0,0],"149":[0,0,0]},"f":{"1":2,"2":2,"3":2,"4":2,"5":0,"6":0,"7":0,"8":0,"9":0,"10":0,"11":0,"12":0,"13":0,"14":0,"15":0,"16":0,"17":0,"18":0,"19":0,"20":0,"21":0,"22":0,"23":0,"24":0,"25":0,"26":0,"27":0,"28":0,"29":0,"30":0,"31":0,"32":0,"33":0,"34":0,"35":0,"36":0,"37":0,"38":0,"39":0,"40":0,"41":0,"42":0,"43":0,"44":0,"45":0,"46":0,"47":0,"48":0,"49":0,"50":0,"51":0,"52":0,"53":0,"54":0,"55":0,"56":0,"57":0,"58":0,"59":0,"60":0,"61":0,"62":0,"63":0,"64":0,"65":0,"66":0,"67":0,"68":0,"69":0,"70":0,"71":0,"72":0,"73":0,"74":0,"75":0,"76":0,"77":0,"78":0,"79":0,"80":0,"81":0,"82":0,"83":0,"84":0,"85":0,"86":0,"87":0,"88":0,"89":0,"90":0,"91":0,"92":0,"93":0,"94":0,"95":0,"96":0,"97":0,"98":0,"99":0,"100":0,"101":0,"102":0,"103":0,"104":0,"105":0,"106":0,"107":0,"108":0,"109":0,"110":0,"111":0,"112":0,"113":0,"114":0,"115":0,"116":0,"117":0,"118":0,"119":0,"120":0,"121":0,"122":0,"123":0,"124":0,"125":0,"126":0,"127":0,"128":0,"129":0,"130":0,"131":0,"132":0,"133":0,"134":0,"135":0,"136":0,"137":0,"138":0,"139":0,"140":0,"141":0,"142":0,"143":0,"144":0,"145":0,"146":0,"147":0,"148":0,"149":0,"150":0,"151":0,"152":0,"153":0,"154":0,"155":0,"156":0,"157":0,"158":0,"159":0,"160":0,"161":0,"162":0,"163":0,"164":0,"165":0,"166":0,"167":0,"168":0,"169":0,"170":0,"171":0,"172":0,"173":0,"174":0,"175":0,"176":0,"177":0,"178":0,"179":0,"180":0,"181":0,"182":0,"183":0,"184":0,"185":0,"186":0,"187":0,"188":0,"189":0,"190":0,"191":0,"192":0,"193":0,"194":0,"195":0,"196":0,"197":0,"198":0,"199":0,"200":0,"201":0,"202":0,"203":0,"204":0,"205":0,"206":0,"207":0,"208":0,"209":0,"210":0,"211":0,"212":0,"213":0,"214":0,"215":0,"216":0,"217":0,"218":0,"219":0,"220":0,"221":0,"222":0,"223":0,"224":0,"225":0,"226":0,"227":0,"228":0,"229":0,"230":0,"231":0,"232":0,"233":0,"234":0,"235":0,"236":0,"237":0,"238":0,"239":0,"240":0,"241":0,"242":0,"243":0,"244":0,"245":0,"246":0,"247":0,"248":0,"249":0,"250":0,"251":0,"252":0,"253":0,"254":0,"255":0,"256":0,"257":0,"258":0,"259":0,"260":0,"261":0,"262":0,"263":0,"264":0,"265":0,"266":0,"267":0,"268":0,"269":0,"270":0,"271":0,"272":0,"273":0,"274":0,"275":0,"276":0,"277":0,"278":0,"279":0,"280":0,"281":0,"282":0,"283":0,"284":0,"285":0,"286":0,"287":0,"288":0,"289":0,"290":0,"291":0,"292":0,"293":0,"294":0,"295":0,"296":0,"297":0,"298":0,"299":0,"300":0,"301":0,"302":0,"303":0,"304":0,"305":0,"306":0,"307":0,"308":0,"309":0,"310":0,"311":0,"312":0},"fnMap":{"1":{"name":"(anonymous_1)","line":5,"loc":{"start":{"line":5,"column":1},"end":{"line":5,"column":11}}},"2":{"name":"(anonymous_2)","line":5,"loc":{"start":{"line":5,"column":13},"end":{"line":5,"column":23}}},"3":{"name":"(anonymous_3)","line":5,"loc":{"start":{"line":5,"column":25},"end":{"line":5,"column":35}}},"4":{"name":"(anonymous_4)","line":5,"loc":{"start":{"line":5,"column":63},"end":{"line":5,"column":73}}},"5":{"name":"(anonymous_5)","line":5,"loc":{"start":{"line":5,"column":157},"end":{"line":5,"column":170}}},"6":{"name":"(anonymous_6)","line":5,"loc":{"start":{"line":5,"column":214},"end":{"line":5,"column":224}}},"7":{"name":"(anonymous_7)","line":5,"loc":{"start":{"line":5,"column":309},"end":{"line":5,"column":319}}},"8":{"name":"(anonymous_8)","line":5,"loc":{"start":{"line":5,"column":321},"end":{"line":5,"column":331}}},"9":{"name":"(anonymous_9)","line":5,"loc":{"start":{"line":5,"column":353},"end":{"line":5,"column":364}}},"10":{"name":"(anonymous_10)","line":5,"loc":{"start":{"line":5,"column":425},"end":{"line":5,"column":438}}},"11":{"name":"(anonymous_11)","line":5,"loc":{"start":{"line":5,"column":461},"end":{"line":5,"column":471}}},"12":{"name":"(anonymous_12)","line":5,"loc":{"start":{"line":5,"column":536},"end":{"line":5,"column":547}}},"13":{"name":"(anonymous_13)","line":5,"loc":{"start":{"line":5,"column":653},"end":{"line":5,"column":664}}},"14":{"name":"(anonymous_14)","line":5,"loc":{"start":{"line":5,"column":700},"end":{"line":5,"column":713}}},"15":{"name":"(anonymous_15)","line":5,"loc":{"start":{"line":5,"column":912},"end":{"line":5,"column":925}}},"16":{"name":"(anonymous_16)","line":5,"loc":{"start":{"line":5,"column":948},"end":{"line":5,"column":958}}},"17":{"name":"(anonymous_17)","line":5,"loc":{"start":{"line":5,"column":1134},"end":{"line":5,"column":1144}}},"18":{"name":"(anonymous_18)","line":5,"loc":{"start":{"line":5,"column":1347},"end":{"line":5,"column":1357}}},"19":{"name":"(anonymous_19)","line":5,"loc":{"start":{"line":5,"column":1369},"end":{"line":5,"column":1379}}},"20":{"name":"t","line":5,"loc":{"start":{"line":5,"column":1380},"end":{"line":5,"column":1393}}},"21":{"name":"(anonymous_21)","line":5,"loc":{"start":{"line":5,"column":1646},"end":{"line":5,"column":1657}}},"22":{"name":"(anonymous_22)","line":5,"loc":{"start":{"line":5,"column":1720},"end":{"line":5,"column":1730}}},"23":{"name":"(anonymous_23)","line":5,"loc":{"start":{"line":5,"column":1799},"end":{"line":5,"column":1809}}},"24":{"name":"(anonymous_24)","line":5,"loc":{"start":{"line":5,"column":1941},"end":{"line":5,"column":1951}}},"25":{"name":"(anonymous_25)","line":5,"loc":{"start":{"line":5,"column":2028},"end":{"line":5,"column":2038}}},"26":{"name":"(anonymous_26)","line":5,"loc":{"start":{"line":5,"column":2110},"end":{"line":5,"column":2120}}},"27":{"name":"(anonymous_27)","line":5,"loc":{"start":{"line":5,"column":2239},"end":{"line":5,"column":2249}}},"28":{"name":"(anonymous_28)","line":5,"loc":{"start":{"line":5,"column":2340},"end":{"line":5,"column":2351}}},"29":{"name":"(anonymous_29)","line":5,"loc":{"start":{"line":5,"column":2436},"end":{"line":5,"column":2447}}},"30":{"name":"(anonymous_30)","line":5,"loc":{"start":{"line":5,"column":2529},"end":{"line":5,"column":2539}}},"31":{"name":"(anonymous_31)","line":5,"loc":{"start":{"line":5,"column":2583},"end":{"line":5,"column":2593}}},"32":{"name":"(anonymous_32)","line":5,"loc":{"start":{"line":5,"column":2640},"end":{"line":5,"column":2650}}},"33":{"name":"(anonymous_33)","line":5,"loc":{"start":{"line":5,"column":2696},"end":{"line":5,"column":2706}}},"34":{"name":"(anonymous_34)","line":5,"loc":{"start":{"line":5,"column":2734},"end":{"line":5,"column":2745}}},"35":{"name":"(anonymous_35)","line":5,"loc":{"start":{"line":5,"column":2785},"end":{"line":5,"column":2796}}},"36":{"name":"(anonymous_36)","line":5,"loc":{"start":{"line":5,"column":2824},"end":{"line":5,"column":2837}}},"37":{"name":"(anonymous_37)","line":5,"loc":{"start":{"line":5,"column":2872},"end":{"line":5,"column":2885}}},"38":{"name":"(anonymous_38)","line":5,"loc":{"start":{"line":5,"column":2934},"end":{"line":5,"column":2944}}},"39":{"name":"(anonymous_39)","line":5,"loc":{"start":{"line":5,"column":2951},"end":{"line":5,"column":2964}}},"40":{"name":"(anonymous_40)","line":5,"loc":{"start":{"line":5,"column":2972},"end":{"line":5,"column":2982}}},"41":{"name":"(anonymous_41)","line":5,"loc":{"start":{"line":5,"column":3027},"end":{"line":5,"column":3037}}},"42":{"name":"r","line":5,"loc":{"start":{"line":5,"column":3038},"end":{"line":5,"column":3055}}},"43":{"name":"(anonymous_43)","line":5,"loc":{"start":{"line":5,"column":3497},"end":{"line":5,"column":3507}}},"44":{"name":"(anonymous_44)","line":5,"loc":{"start":{"line":5,"column":3740},"end":{"line":5,"column":3750}}},"45":{"name":"(anonymous_45)","line":5,"loc":{"start":{"line":5,"column":3833},"end":{"line":5,"column":3844}}},"46":{"name":"(anonymous_46)","line":5,"loc":{"start":{"line":5,"column":3940},"end":{"line":5,"column":3950}}},"47":{"name":"(anonymous_47)","line":5,"loc":{"start":{"line":5,"column":3974},"end":{"line":5,"column":3985}}},"48":{"name":"(anonymous_48)","line":5,"loc":{"start":{"line":5,"column":3993},"end":{"line":5,"column":4003}}},"49":{"name":"(anonymous_49)","line":5,"loc":{"start":{"line":5,"column":4275},"end":{"line":5,"column":4285}}},"50":{"name":"(anonymous_50)","line":5,"loc":{"start":{"line":5,"column":4309},"end":{"line":5,"column":4320}}},"51":{"name":"(anonymous_51)","line":5,"loc":{"start":{"line":5,"column":4328},"end":{"line":5,"column":4338}}},"52":{"name":"(anonymous_52)","line":5,"loc":{"start":{"line":5,"column":4466},"end":{"line":5,"column":4476}}},"53":{"name":"(anonymous_53)","line":5,"loc":{"start":{"line":5,"column":4500},"end":{"line":5,"column":4511}}},"54":{"name":"(anonymous_54)","line":5,"loc":{"start":{"line":5,"column":4519},"end":{"line":5,"column":4529}}},"55":{"name":"(anonymous_55)","line":5,"loc":{"start":{"line":5,"column":4657},"end":{"line":5,"column":4667}}},"56":{"name":"(anonymous_56)","line":5,"loc":{"start":{"line":5,"column":4742},"end":{"line":5,"column":4752}}},"57":{"name":"(anonymous_57)","line":5,"loc":{"start":{"line":5,"column":4880},"end":{"line":5,"column":4890}}},"58":{"name":"(anonymous_58)","line":5,"loc":{"start":{"line":5,"column":4993},"end":{"line":5,"column":5003}}},"59":{"name":"(anonymous_59)","line":5,"loc":{"start":{"line":5,"column":5468},"end":{"line":5,"column":5479}}},"60":{"name":"(anonymous_60)","line":5,"loc":{"start":{"line":5,"column":5607},"end":{"line":5,"column":5618}}},"61":{"name":"(anonymous_61)","line":5,"loc":{"start":{"line":5,"column":5765},"end":{"line":5,"column":5775}}},"62":{"name":"(anonymous_62)","line":5,"loc":{"start":{"line":5,"column":5933},"end":{"line":5,"column":5943}}},"63":{"name":"(anonymous_63)","line":5,"loc":{"start":{"line":5,"column":5950},"end":{"line":5,"column":5963}}},"64":{"name":"(anonymous_64)","line":5,"loc":{"start":{"line":5,"column":5971},"end":{"line":5,"column":5981}}},"65":{"name":"(anonymous_65)","line":5,"loc":{"start":{"line":5,"column":6026},"end":{"line":5,"column":6036}}},"66":{"name":"t","line":5,"loc":{"start":{"line":5,"column":6037},"end":{"line":5,"column":6049}}},"67":{"name":"(anonymous_67)","line":5,"loc":{"start":{"line":5,"column":6501},"end":{"line":5,"column":6511}}},"68":{"name":"(anonymous_68)","line":5,"loc":{"start":{"line":5,"column":6659},"end":{"line":5,"column":6669}}},"69":{"name":"(anonymous_69)","line":5,"loc":{"start":{"line":5,"column":6745},"end":{"line":5,"column":6756}}},"70":{"name":"(anonymous_70)","line":5,"loc":{"start":{"line":5,"column":6764},"end":{"line":5,"column":6774}}},"71":{"name":"(anonymous_71)","line":5,"loc":{"start":{"line":5,"column":6893},"end":{"line":5,"column":6904}}},"72":{"name":"(anonymous_72)","line":5,"loc":{"start":{"line":5,"column":6978},"end":{"line":5,"column":6988}}},"73":{"name":"(anonymous_73)","line":5,"loc":{"start":{"line":5,"column":7108},"end":{"line":5,"column":7118}}},"74":{"name":"(anonymous_74)","line":5,"loc":{"start":{"line":5,"column":7320},"end":{"line":5,"column":7331}}},"75":{"name":"(anonymous_75)","line":5,"loc":{"start":{"line":5,"column":7434},"end":{"line":5,"column":7444}}},"76":{"name":"(anonymous_76)","line":5,"loc":{"start":{"line":5,"column":7578},"end":{"line":5,"column":7588}}},"77":{"name":"(anonymous_77)","line":5,"loc":{"start":{"line":5,"column":7720},"end":{"line":5,"column":7730}}},"78":{"name":"(anonymous_78)","line":5,"loc":{"start":{"line":5,"column":7821},"end":{"line":5,"column":7831}}},"79":{"name":"(anonymous_79)","line":5,"loc":{"start":{"line":5,"column":7904},"end":{"line":5,"column":7914}}},"80":{"name":"(anonymous_80)","line":5,"loc":{"start":{"line":5,"column":7944},"end":{"line":5,"column":7955}}},"81":{"name":"(anonymous_81)","line":5,"loc":{"start":{"line":5,"column":7963},"end":{"line":5,"column":7973}}},"82":{"name":"(anonymous_82)","line":5,"loc":{"start":{"line":5,"column":8075},"end":{"line":5,"column":8085}}},"83":{"name":"(anonymous_83)","line":5,"loc":{"start":{"line":5,"column":8230},"end":{"line":5,"column":8240}}},"84":{"name":"(anonymous_84)","line":5,"loc":{"start":{"line":5,"column":8344},"end":{"line":5,"column":8354}}},"85":{"name":"(anonymous_85)","line":5,"loc":{"start":{"line":5,"column":8361},"end":{"line":5,"column":8374}}},"86":{"name":"(anonymous_86)","line":5,"loc":{"start":{"line":5,"column":8382},"end":{"line":5,"column":8392}}},"87":{"name":"(anonymous_87)","line":5,"loc":{"start":{"line":5,"column":8440},"end":{"line":5,"column":8450}}},"88":{"name":"r","line":5,"loc":{"start":{"line":5,"column":8451},"end":{"line":5,"column":8464}}},"89":{"name":"(anonymous_89)","line":5,"loc":{"start":{"line":5,"column":8695},"end":{"line":5,"column":8708}}},"90":{"name":"(anonymous_90)","line":5,"loc":{"start":{"line":5,"column":8794},"end":{"line":5,"column":8805}}},"91":{"name":"(anonymous_91)","line":5,"loc":{"start":{"line":5,"column":8904},"end":{"line":5,"column":8915}}},"92":{"name":"(anonymous_92)","line":5,"loc":{"start":{"line":5,"column":9088},"end":{"line":5,"column":9099}}},"93":{"name":"(anonymous_93)","line":5,"loc":{"start":{"line":5,"column":9180},"end":{"line":5,"column":9191}}},"94":{"name":"(anonymous_94)","line":5,"loc":{"start":{"line":5,"column":9262},"end":{"line":5,"column":9275}}},"95":{"name":"(anonymous_95)","line":5,"loc":{"start":{"line":5,"column":9388},"end":{"line":5,"column":9399}}},"96":{"name":"(anonymous_96)","line":5,"loc":{"start":{"line":5,"column":9458},"end":{"line":5,"column":9469}}},"97":{"name":"(anonymous_97)","line":5,"loc":{"start":{"line":5,"column":9525},"end":{"line":5,"column":9535}}},"98":{"name":"(anonymous_98)","line":5,"loc":{"start":{"line":5,"column":9596},"end":{"line":5,"column":9606}}},"99":{"name":"(anonymous_99)","line":5,"loc":{"start":{"line":5,"column":9702},"end":{"line":5,"column":9712}}},"100":{"name":"(anonymous_100)","line":5,"loc":{"start":{"line":5,"column":9773},"end":{"line":5,"column":9783}}},"101":{"name":"(anonymous_101)","line":5,"loc":{"start":{"line":5,"column":9873},"end":{"line":5,"column":9883}}},"102":{"name":"(anonymous_102)","line":5,"loc":{"start":{"line":5,"column":9934},"end":{"line":5,"column":9944}}},"103":{"name":"(anonymous_103)","line":5,"loc":{"start":{"line":5,"column":9953},"end":{"line":5,"column":9966}}},"104":{"name":"(anonymous_104)","line":5,"loc":{"start":{"line":5,"column":9974},"end":{"line":5,"column":9984}}},"105":{"name":"(anonymous_105)","line":5,"loc":{"start":{"line":5,"column":10044},"end":{"line":5,"column":10054}}},"106":{"name":"(anonymous_106)","line":5,"loc":{"start":{"line":5,"column":10070},"end":{"line":5,"column":10080}}},"107":{"name":"(anonymous_107)","line":5,"loc":{"start":{"line":5,"column":10110},"end":{"line":5,"column":10120}}},"108":{"name":"n","line":5,"loc":{"start":{"line":5,"column":10121},"end":{"line":5,"column":10134}}},"109":{"name":"(anonymous_109)","line":5,"loc":{"start":{"line":5,"column":10216},"end":{"line":5,"column":10226}}},"110":{"name":"(anonymous_110)","line":5,"loc":{"start":{"line":5,"column":10338},"end":{"line":5,"column":10348}}},"111":{"name":"(anonymous_111)","line":5,"loc":{"start":{"line":5,"column":10463},"end":{"line":5,"column":10476}}},"112":{"name":"(anonymous_112)","line":5,"loc":{"start":{"line":5,"column":10550},"end":{"line":5,"column":10563}}},"113":{"name":"(anonymous_113)","line":5,"loc":{"start":{"line":5,"column":10643},"end":{"line":5,"column":10654}}},"114":{"name":"(anonymous_114)","line":5,"loc":{"start":{"line":5,"column":10917},"end":{"line":5,"column":10927}}},"115":{"name":"(anonymous_115)","line":5,"loc":{"start":{"line":5,"column":10962},"end":{"line":5,"column":10977}}},"116":{"name":"(anonymous_116)","line":5,"loc":{"start":{"line":5,"column":11079},"end":{"line":5,"column":11089}}},"117":{"name":"(anonymous_117)","line":5,"loc":{"start":{"line":5,"column":11101},"end":{"line":5,"column":11111}}},"118":{"name":"e","line":5,"loc":{"start":{"line":5,"column":11112},"end":{"line":5,"column":11125}}},"119":{"name":"(anonymous_119)","line":5,"loc":{"start":{"line":5,"column":11268},"end":{"line":5,"column":11279}}},"120":{"name":"(anonymous_120)","line":5,"loc":{"start":{"line":5,"column":11336},"end":{"line":5,"column":11347}}},"121":{"name":"(anonymous_121)","line":5,"loc":{"start":{"line":5,"column":11443},"end":{"line":5,"column":11454}}},"122":{"name":"(anonymous_122)","line":5,"loc":{"start":{"line":5,"column":11551},"end":{"line":5,"column":11561}}},"123":{"name":"(anonymous_123)","line":5,"loc":{"start":{"line":5,"column":11665},"end":{"line":5,"column":11675}}},"124":{"name":"(anonymous_124)","line":5,"loc":{"start":{"line":5,"column":11785},"end":{"line":5,"column":11795}}},"125":{"name":"(anonymous_125)","line":5,"loc":{"start":{"line":5,"column":11859},"end":{"line":5,"column":11870}}},"126":{"name":"(anonymous_126)","line":5,"loc":{"start":{"line":5,"column":11966},"end":{"line":5,"column":11976}}},"127":{"name":"(anonymous_127)","line":5,"loc":{"start":{"line":5,"column":12051},"end":{"line":5,"column":12061}}},"128":{"name":"(anonymous_128)","line":5,"loc":{"start":{"line":5,"column":12133},"end":{"line":5,"column":12144}}},"129":{"name":"(anonymous_129)","line":5,"loc":{"start":{"line":5,"column":12297},"end":{"line":5,"column":12307}}},"130":{"name":"(anonymous_130)","line":5,"loc":{"start":{"line":5,"column":12334},"end":{"line":5,"column":12344}}},"131":{"name":"t","line":5,"loc":{"start":{"line":5,"column":12345},"end":{"line":5,"column":12357}}},"132":{"name":"(anonymous_132)","line":5,"loc":{"start":{"line":5,"column":12381},"end":{"line":5,"column":12391}}},"133":{"name":"(anonymous_133)","line":5,"loc":{"start":{"line":5,"column":12488},"end":{"line":5,"column":12503}}},"134":{"name":"(anonymous_134)","line":5,"loc":{"start":{"line":5,"column":12588},"end":{"line":5,"column":12598}}},"135":{"name":"(anonymous_135)","line":5,"loc":{"start":{"line":5,"column":12653},"end":{"line":5,"column":12664}}},"136":{"name":"(anonymous_136)","line":5,"loc":{"start":{"line":5,"column":12788},"end":{"line":5,"column":12798}}},"137":{"name":"(anonymous_137)","line":5,"loc":{"start":{"line":5,"column":12871},"end":{"line":5,"column":12882}}},"138":{"name":"(anonymous_138)","line":5,"loc":{"start":{"line":5,"column":13023},"end":{"line":5,"column":13036}}},"139":{"name":"(anonymous_139)","line":5,"loc":{"start":{"line":5,"column":13183},"end":{"line":5,"column":13193}}},"140":{"name":"(anonymous_140)","line":5,"loc":{"start":{"line":5,"column":13208},"end":{"line":5,"column":13218}}},"141":{"name":"t","line":5,"loc":{"start":{"line":5,"column":13219},"end":{"line":5,"column":13232}}},"142":{"name":"(anonymous_142)","line":5,"loc":{"start":{"line":5,"column":13535},"end":{"line":5,"column":13546}}},"143":{"name":"(anonymous_143)","line":5,"loc":{"start":{"line":5,"column":13613},"end":{"line":5,"column":13623}}},"144":{"name":"(anonymous_144)","line":5,"loc":{"start":{"line":5,"column":13639},"end":{"line":5,"column":13649}}},"145":{"name":"(anonymous_145)","line":5,"loc":{"start":{"line":5,"column":13791},"end":{"line":5,"column":13802}}},"146":{"name":"(anonymous_146)","line":5,"loc":{"start":{"line":5,"column":13910},"end":{"line":5,"column":13921}}},"147":{"name":"(anonymous_147)","line":5,"loc":{"start":{"line":5,"column":14035},"end":{"line":5,"column":14048}}},"148":{"name":"(anonymous_148)","line":5,"loc":{"start":{"line":5,"column":14215},"end":{"line":5,"column":14225}}},"149":{"name":"(anonymous_149)","line":5,"loc":{"start":{"line":5,"column":14397},"end":{"line":5,"column":14408}}},"150":{"name":"(anonymous_150)","line":5,"loc":{"start":{"line":5,"column":14458},"end":{"line":5,"column":14469}}},"151":{"name":"(anonymous_151)","line":5,"loc":{"start":{"line":5,"column":14530},"end":{"line":5,"column":14541}}},"152":{"name":"(anonymous_152)","line":5,"loc":{"start":{"line":5,"column":14597},"end":{"line":5,"column":14608}}},"153":{"name":"(anonymous_153)","line":5,"loc":{"start":{"line":5,"column":14728},"end":{"line":5,"column":14738}}},"154":{"name":"(anonymous_154)","line":5,"loc":{"start":{"line":5,"column":14745},"end":{"line":5,"column":14758}}},"155":{"name":"n","line":5,"loc":{"start":{"line":5,"column":14759},"end":{"line":5,"column":14771}}},"156":{"name":"(anonymous_156)","line":5,"loc":{"start":{"line":5,"column":14946},"end":{"line":5,"column":14957}}},"157":{"name":"n","line":5,"loc":{"start":{"line":5,"column":14958},"end":{"line":5,"column":14973}}},"158":{"name":"(anonymous_158)","line":5,"loc":{"start":{"line":5,"column":15214},"end":{"line":5,"column":15225}}},"159":{"name":"(anonymous_159)","line":5,"loc":{"start":{"line":5,"column":15302},"end":{"line":5,"column":15313}}},"160":{"name":"(anonymous_160)","line":5,"loc":{"start":{"line":5,"column":15321},"end":{"line":5,"column":15331}}},"161":{"name":"(anonymous_161)","line":5,"loc":{"start":{"line":5,"column":15449},"end":{"line":5,"column":15459}}},"162":{"name":"(anonymous_162)","line":5,"loc":{"start":{"line":5,"column":15644},"end":{"line":5,"column":15654}}},"163":{"name":"(anonymous_163)","line":5,"loc":{"start":{"line":5,"column":15793},"end":{"line":5,"column":15803}}},"164":{"name":"(anonymous_164)","line":5,"loc":{"start":{"line":5,"column":15958},"end":{"line":5,"column":15968}}},"165":{"name":"(anonymous_165)","line":5,"loc":{"start":{"line":5,"column":16145},"end":{"line":5,"column":16155}}},"166":{"name":"(anonymous_166)","line":5,"loc":{"start":{"line":5,"column":16365},"end":{"line":5,"column":16375}}},"167":{"name":"(anonymous_167)","line":5,"loc":{"start":{"line":5,"column":16562},"end":{"line":5,"column":16572}}},"168":{"name":"(anonymous_168)","line":5,"loc":{"start":{"line":5,"column":16752},"end":{"line":5,"column":16762}}},"169":{"name":"(anonymous_169)","line":5,"loc":{"start":{"line":5,"column":17002},"end":{"line":5,"column":17012}}},"170":{"name":"(anonymous_170)","line":5,"loc":{"start":{"line":5,"column":17207},"end":{"line":5,"column":17217}}},"171":{"name":"(anonymous_171)","line":5,"loc":{"start":{"line":5,"column":17296},"end":{"line":5,"column":17306}}},"172":{"name":"(anonymous_172)","line":5,"loc":{"start":{"line":5,"column":17426},"end":{"line":5,"column":17436}}},"173":{"name":"(anonymous_173)","line":5,"loc":{"start":{"line":5,"column":17561},"end":{"line":5,"column":17571}}},"174":{"name":"(anonymous_174)","line":5,"loc":{"start":{"line":5,"column":17701},"end":{"line":5,"column":17711}}},"175":{"name":"(anonymous_175)","line":5,"loc":{"start":{"line":5,"column":17811},"end":{"line":5,"column":17821}}},"176":{"name":"(anonymous_176)","line":5,"loc":{"start":{"line":5,"column":17915},"end":{"line":5,"column":17925}}},"177":{"name":"(anonymous_177)","line":5,"loc":{"start":{"line":5,"column":18043},"end":{"line":5,"column":18054}}},"178":{"name":"(anonymous_178)","line":5,"loc":{"start":{"line":5,"column":18168},"end":{"line":5,"column":18178}}},"179":{"name":"(anonymous_179)","line":5,"loc":{"start":{"line":5,"column":18269},"end":{"line":5,"column":18279}}},"180":{"name":"(anonymous_180)","line":5,"loc":{"start":{"line":5,"column":18358},"end":{"line":5,"column":18368}}},"181":{"name":"(anonymous_181)","line":5,"loc":{"start":{"line":5,"column":18375},"end":{"line":5,"column":18388}}},"182":{"name":"n","line":5,"loc":{"start":{"line":5,"column":18389},"end":{"line":5,"column":18401}}},"183":{"name":"(anonymous_183)","line":5,"loc":{"start":{"line":5,"column":18573},"end":{"line":5,"column":18584}}},"184":{"name":"r","line":5,"loc":{"start":{"line":5,"column":18585},"end":{"line":5,"column":18598}}},"185":{"name":"(anonymous_185)","line":5,"loc":{"start":{"line":5,"column":18644},"end":{"line":5,"column":18655}}},"186":{"name":"(anonymous_186)","line":5,"loc":{"start":{"line":5,"column":18679},"end":{"line":5,"column":18690}}},"187":{"name":"(anonymous_187)","line":5,"loc":{"start":{"line":5,"column":18698},"end":{"line":5,"column":18708}}},"188":{"name":"(anonymous_188)","line":5,"loc":{"start":{"line":5,"column":18817},"end":{"line":5,"column":18827}}},"189":{"name":"(anonymous_189)","line":5,"loc":{"start":{"line":5,"column":18920},"end":{"line":5,"column":18930}}},"190":{"name":"(anonymous_190)","line":5,"loc":{"start":{"line":5,"column":19122},"end":{"line":5,"column":19132}}},"191":{"name":"(anonymous_191)","line":5,"loc":{"start":{"line":5,"column":19220},"end":{"line":5,"column":19230}}},"192":{"name":"(anonymous_192)","line":5,"loc":{"start":{"line":5,"column":19238},"end":{"line":5,"column":19248}}},"193":{"name":"e","line":5,"loc":{"start":{"line":5,"column":19249},"end":{"line":5,"column":19262}}},"194":{"name":"(anonymous_194)","line":5,"loc":{"start":{"line":5,"column":19352},"end":{"line":5,"column":19362}}},"195":{"name":"(anonymous_195)","line":5,
[...]
o)&&(t[o]=e[o]);return n.prototype=e.prototype,t.prototype=new n,t.__super__=e.prototype,t},r={}.hasOwnProperty;t.SnapshotRenderer=function(r){function n(e,r){this.currentSnapshot=e,this.newSnapshot=r,this.currentHeadDetails=new t.HeadDetails(this.currentSnapshot.head),this.newHeadDetails=new t.HeadDetails(this.newSnapshot.head),this.newBody=this.newSnapshot.body}return e(n,r),n.prototype.render=function(t){return this.trackedElementsAreIdentical()?(this.mergeHead(),this.renderView(function(e){return function(){return e.replaceBody(),e.focusFirstAutofocusableElement(),t()}}(this))):this.invalidateView()},n.prototype.mergeHead=function(){return this.copyNewHeadStylesheetElements(),this.copyNewHeadScriptElements(),this.removeCurrentHeadProvisionalElements(),this.copyNewHeadProvisionalElements()},n.prototype.replaceBody=function(){return this.activateBodyScriptElements(),this.importBodyPermanentElements(),this.assignNewBody()},n.prototype.trackedElementsAreIdentical=function(){return this.currentHeadDetails.getTrackedElementSignature()===this.newHeadDetails.getTrackedElementSignature()},n.prototype.copyNewHeadStylesheetElements=function(){var t,e,r,n,o;for(n=this.getNewHeadStylesheetElements(),o=[],e=0,r=n.length;r>e;e++)t=n[e],o.push(document.head.appendChild(t));return o},n.prototype.copyNewHeadScriptElements=function(){var t,e,r,n,o;for(n=this.getNewHeadScriptElements(),o=[],e=0,r=n.length;r>e;e++)t=n[e],o.push(document.head.appendChild(this.createScriptElement(t)));return o},n.prototype.removeCurrentHeadProvisionalElements=function(){var t,e,r,n,o;for(n=this.getCurrentHeadProvisionalElements(),o=[],e=0,r=n.length;r>e;e++)t=n[e],o.push(document.head.removeChild(t));return o},n.prototype.copyNewHeadProvisionalElements=function(){var t,e,r,n,o;for(n=this.getNewHeadProvisionalElements(),o=[],e=0,r=n.length;r>e;e++)t=n[e],o.push(document.head.appendChild(t));return o},n.prototype.importBodyPermanentElements=function(){var t,e,r,n,o,i;for(n=this.getNewBodyPermanentElements(),i=[],e=0,r=n.length;r>e;e++)o=n[e],(t=this.findCurrentBodyPermanentElement(o))?i.push(o.parentNode.replaceChild(t,o)):i.push(void 0);return i},n.prototype.activateBodyScriptElements=function(){var t,e,r,n,o,i;for(n=this.getNewBodyScriptElements(),i=[],e=0,r=n.length;r>e;e++)o=n[e],t=this.createScriptElement(o),i.push(o.parentNode.replaceChild(t,o));return i},n.prototype.assignNewBody=function(){return document.body=this.newBody},n.prototype.focusFirstAutofocusableElement=function(){var t;return null!=(t=this.findFirstAutofocusableElement())?t.focus():void 0},n.prototype.getNewHeadStylesheetElements=function(){return this.newHeadDetails.getStylesheetElementsNotInDetails(this.currentHeadDetails)},n.prototype.getNewHeadScriptElements=function(){return this.newHeadDetails.getScriptElementsNotInDetails(this.currentHeadDetails)},n.prototype.getCurrentHeadProvisionalElements=function(){return this.currentHeadDetails.getProvisionalElements()},n.prototype.getNewHeadProvisionalElements=function(){return this.newHeadDetails.getProvisionalElements()},n.prototype.getNewBodyPermanentElements=function(){return this.newBody.querySelectorAll(\"[id][data-turbolinks-permanent]\")},n.prototype.findCurrentBodyPermanentElement=function(t){return document.body.querySelector(\"#\"+t.id+\"[data-turbolinks-permanent]\")},n.prototype.getNewBodyScriptElements=function(){return this.newBody.querySelectorAll(\"script\")},n.prototype.findFirstAutofocusableElement=function(){return document.body.querySelector(\"[autofocus]\")},n}(t.Renderer)}.call(this),function(){var e=function(t,e){function n(){this.constructor=t}for(var o in e)r.call(e,o)&&(t[o]=e[o]);return n.prototype=e.prototype,t.prototype=new n,t.__super__=e.prototype,t},r={}.hasOwnProperty;t.ErrorRenderer=function(t){function r(t){this.html=t}return e(r,t),r.prototype.render=function(t){return this.renderView(function(e){return function(){return e.replaceDocumentHTML(),e.activateBodyScriptElements(),t()}}(this))},r.prototype.replaceDocumentHTML=function(){return document.documentElement.innerHTML=this.html},r.prototype.activateBodyScriptElements=function(){var t,e,r,n,o,i;for(n=this.getScriptElements(),i=[],e=0,r=n.length;r>e;e++)o=n[e],t=this.createScriptElement(o),i.push(o.parentNode.replaceChild(t,o));return i},r.prototype.getScriptElements=function(){return document.documentElement.querySelectorAll(\"script\")},r}(t.Renderer)}.call(this),function(){t.View=function(){function e(t){this.delegate=t,this.element=document.documentElement}return e.prototype.getRootLocation=function(){return this.getSnapshot().getRootLocation()},e.prototype.getSnapshot=function(){return t.Snapshot.fromElement(this.element)},e.prototype.render=function(t,e){var r,n,o;return o=t.snapshot,r=t.error,n=t.isPreview,this.markAsPreview(n),null!=o?this.renderSnapshot(o,e):this.renderError(r,e)},e.prototype.markAsPreview=function(t){return t?this.element.setAttribute(\"data-turbolinks-preview\",\"\"):this.element.removeAttribute(\"data-turbolinks-preview\")},e.prototype.renderSnapshot=function(e,r){return t.SnapshotRenderer.render(this.delegate,r,this.getSnapshot(),t.Snapshot.wrap(e))},e.prototype.renderError=function(e,r){return t.ErrorRenderer.render(this.delegate,r,e)},e}()}.call(this),function(){var e=function(t,e){return function(){return t.apply(e,arguments)}};t.ScrollManager=function(){function t(t){this.delegate=t,this.onScroll=e(this.onScroll,this)}return t.prototype.start=function(){return this.started?void 0:(addEventListener(\"scroll\",this.onScroll,!1),this.onScroll(),this.started=!0)},t.prototype.stop=function(){return this.started?(removeEventListener(\"scroll\",this.onScroll,!1),this.started=!1):void 0},t.prototype.scrollToElement=function(t){return t.scrollIntoView()},t.prototype.scrollToPosition=function(t){var e,r;return e=t.x,r=t.y,window.scrollTo(e,r)},t.prototype.onScroll=function(t){return this.updatePosition({x:window.pageXOffset,y:window.pageYOffset})},t.prototype.updatePosition=function(t){var e;return this.position=t,null!=(e=this.delegate)?e.scrollPositionChanged(this.position):void 0},t}()}.call(this),function(){t.SnapshotCache=function(){function e(t){this.size=t,this.keys=[],this.snapshots={}}var r;return e.prototype.has=function(t){var e;return e=r(t),e in this.snapshots},e.prototype.get=function(t){var e;if(this.has(t))return e=this.read(t),this.touch(t),e},e.prototype.put=function(t,e){return this.write(t,e),this.touch(t),e},e.prototype.read=function(t){var e;return e=r(t),this.snapshots[e]},e.prototype.write=function(t,e){var n;return n=r(t),this.snapshots[n]=e},e.prototype.touch=function(t){var e,n;return n=r(t),e=this.keys.indexOf(n),e>-1&&this.keys.splice(e,1),this.keys.unshift(n),this.trim()},e.prototype.trim=function(){var t,e,r,n,o;for(n=this.keys.splice(this.size),o=[],t=0,r=n.length;r>t;t++)e=n[t],o.push(delete this.snapshots[e]);return o},r=function(e){return t.Location.wrap(e).toCacheKey()},e}()}.call(this),function(){var e=function(t,e){return function(){return t.apply(e,arguments)}};t.Visit=function(){function r(r,n,o){this.controller=r,this.action=o,this.performScroll=e(this.performScroll,this),this.identifier=t.uuid(),this.location=t.Location.wrap(n),this.adapter=this.controller.adapter,this.state=\"initialized\",this.timingMetrics={}}var n;return r.prototype.start=function(){return\"initialized\"===this.state?(this.recordTimingMetric(\"visitStart\"),this.state=\"started\",this.adapter.visitStarted(this)):void 0},r.prototype.cancel=function(){var t;return\"started\"===this.state?(null!=(t=this.request)&&t.cancel(),this.cancelRender(),this.state=\"canceled\"):void 0},r.prototype.complete=function(){var t;return\"started\"===this.state?(this.recordTimingMetric(\"visitEnd\"),this.state=\"completed\",\"function\"==typeof(t=this.adapter).visitCompleted&&t.visitCompleted(this),this.controller.visitCompleted(this)):void 0},r.prototype.fail=function(){var t;return\"started\"===this.state?(this.state=\"failed\",\"function\"==typeof(t=this.adapter).visitFailed?t.visitFailed(this):void 0):void 0},r.prototype.changeHistory=function(){var t,e;return this.historyChanged?void 0:(t=this.location.isEqualTo(this.referrer)?\"replace\":this.action,e=n(t),this.controller[e](this.location,this.restorationIdentifier),this.historyChanged=!0)},r.prototype.issueRequest=function(){return this.shouldIssueRequest()&&null==this.request?(this.progress=0,this.request=new t.HttpRequest(this,this.location,this.referrer),this.request.send()):void 0},r.prototype.getCachedSnapshot=function(){var t;return!(t=this.controller.getCachedSnapshotForLocation(this.location))||null!=this.location.anchor&&!t.hasAnchor(this.location.anchor)||\"restore\"!==this.action&&!t.isPreviewable()?void 0:t},r.prototype.hasCachedSnapshot=function(){return null!=this.getCachedSnapshot()},r.prototype.loadCachedSnapshot=function(){var t,e;return(e=this.getCachedSnapshot())?(t=this.shouldIssueRequest(),this.render(function(){var r;return this.cacheSnapshot(),this.controller.render({snapshot:e,isPreview:t},this.performScroll),\"function\"==typeof(r=this.adapter).visitRendered&&r.visitRendered(this),t?void 0:this.complete()})):void 0},r.prototype.loadResponse=function(){return null!=this.response?this.render(function(){var t,e;return this.cacheSnapshot(),this.request.failed?(this.controller.render({error:this.response},this.performScroll),\"function\"==typeof(t=this.adapter).visitRendered&&t.visitRendered(this),this.fail()):(this.controller.render({snapshot:this.response},this.performScroll),\"function\"==typeof(e=this.adapter).visitRendered&&e.visitRendered(this),this.complete())}):void 0},r.prototype.followRedirect=function(){return this.redirectedToLocation&&!this.followedRedirect?(this.location=this.redirectedToLocation,this.controller.replaceHistoryWithLocationAndRestorationIdentifier(this.redirectedToLocation,this.restorationIdentifier),this.followedRedirect=!0):void 0},r.prototype.requestStarted=function(){var t;return this.recordTimingMetric(\"requestStart\"),\"function\"==typeof(t=this.adapter).visitRequestStarted?t.visitRequestStarted(this):void 0},r.prototype.requestProgressed=function(t){var e;return this.progress=t,\"function\"==typeof(e=this.adapter).visitRequestProgressed?e.visitRequestProgressed(this):void 0},r.prototype.requestCompletedWithResponse=function(e,r){return this.response=e,null!=r&&(this.redirectedToLocation=t.Location.wrap(r)),this.adapter.visitRequestCompleted(this)},r.prototype.requestFailedWithStatusCode=function(t,e){return this.response=e,this.adapter.visitRequestFailedWithStatusCode(this,t)},r.prototype.requestFinished=function(){var t;return this.recordTimingMetric(\"requestEnd\"),\"function\"==typeof(t=this.adapter).visitRequestFinished?t.visitRequestFinished(this):void 0},r.prototype.performScroll=function(){return this.scrolled?void 0:(\"restore\"===this.action?this.scrollToRestoredPosition()||this.scrollToTop():this.scrollToAnchor()||this.scrollToTop(),this.scrolled=!0)},r.prototype.scrollToRestoredPosition=function(){var t,e;return t=null!=(e=this.restorationData)?e.scrollPosition:void 0,null!=t?(this.controller.scrollToPosition(t),!0):void 0},r.prototype.scrollToAnchor=function(){return null!=this.location.anchor?(this.controller.scrollToAnchor(this.location.anchor),!0):void 0},r.prototype.scrollToTop=function(){return this.controller.scrollToPosition({x:0,y:0})},r.prototype.recordTimingMetric=function(t){var e;return null!=(e=this.timingMetrics)[t]?e[t]:e[t]=(new Date).getTime()},r.prototype.getTimingMetrics=function(){return t.copyObject(this.timingMetrics)},n=function(t){switch(t){case\"replace\":return\"replaceHistoryWithLocationAndRestorationIdentifier\";case\"advance\":case\"restore\":return\"pushHistoryWithLocationAndRestorationIdentifier\"}},r.prototype.shouldIssueRequest=function(){return\"restore\"===this.action?!this.hasCachedSnapshot():!0},r.prototype.cacheSnapshot=function(){return this.snapshotCached?void 0:(this.controller.cacheSnapshot(),this.snapshotCached=!0)},r.prototype.render=function(t){return this.cancelRender(),this.frame=requestAnimationFrame(function(e){return function(){return e.frame=null,t.call(e)}}(this))},r.prototype.cancelRender=function(){return this.frame?cancelAnimationFrame(this.frame):void 0},r}()}.call(this),function(){var e=function(t,e){return function(){return t.apply(e,arguments)}};t.Controller=function(){function r(){this.clickBubbled=e(this.clickBubbled,this),this.clickCaptured=e(this.clickCaptured,this),this.pageLoaded=e(this.pageLoaded,this),this.history=new t.History(this),this.view=new t.View(this),this.scrollManager=new t.ScrollManager(this),this.restorationData={},this.clearCache()}return r.prototype.start=function(){return t.supported&&!this.started?(addEventListener(\"click\",this.clickCaptured,!0),addEventListener(\"DOMContentLoaded\",this.pageLoaded,!1),this.scrollManager.start(),this.startHistory(),this.started=!0,this.enabled=!0):void 0},r.prototype.disable=function(){return this.enabled=!1},r.prototype.stop=function(){return this.started?(removeEventListener(\"click\",this.clickCaptured,!0),removeEventListener(\"DOMContentLoaded\",this.pageLoaded,!1),this.scrollManager.stop(),this.stopHistory(),this.started=!1):void 0},r.prototype.clearCache=function(){return this.cache=new t.SnapshotCache(10)},r.prototype.visit=function(e,r){var n,o;return null==r&&(r={}),e=t.Location.wrap(e),this.applicationAllowsVisitingLocation(e)?this.locationIsVisitable(e)?(n=null!=(o=r.action)?o:\"advance\",this.adapter.visitProposedToLocationWithAction(e,n)):window.location=e:void 0},r.prototype.startVisitToLocationWithAction=function(e,r,n){var o;return t.supported?(o=this.getRestorationDataForIdentifier(n),this.startVisit(e,r,{restorationData:o})):window.location=e},r.prototype.startHistory=function(){return this.location=t.Location.wrap(window.location),this.restorationIdentifier=t.uuid(),this.history.start(),this.history.replace(this.location,this.restorationIdentifier)},r.prototype.stopHistory=function(){return this.history.stop()},r.prototype.pushHistoryWithLocationAndRestorationIdentifier=function(e,r){return this.restorationIdentifier=r,this.location=t.Location.wrap(e),this.history.push(this.location,this.restorationIdentifier)},r.prototype.replaceHistoryWithLocationAndRestorationIdentifier=function(e,r){return this.restorationIdentifier=r,this.location=t.Location.wrap(e),this.history.replace(this.location,this.restorationIdentifier)},r.prototype.historyPoppedToLocationWithRestorationIdentifier=function(e,r){var n;return this.restorationIdentifier=r,this.enabled?(n=this.getRestorationDataForIdentifier(this.restorationIdentifier),this.startVisit(e,\"restore\",{restorationIdentifier:this.restorationIdentifier,restorationData:n,historyChanged:!0}),this.location=t.Location.wrap(e)):this.adapter.pageInvalidated()},r.prototype.getCachedSnapshotForLocation=function(t){var e;return e=this.cache.get(t),e?e.clone():void 0},r.prototype.shouldCacheSnapshot=function(){return this.view.getSnapshot().isCacheable()},r.prototype.cacheSnapshot=function(){var t;return this.shouldCacheSnapshot()?(this.notifyApplicationBeforeCachingSnapshot(),t=this.view.getSnapshot(),this.cache.put(this.lastRenderedLocation,t.clone())):void 0},r.prototype.scrollToAnchor=function(t){var e;return(e=document.getElementById(t))?this.scrollToElement(e):this.scrollToPosition({x:0,y:0})},r.prototype.scrollToElement=function(t){return this.scrollManager.scrollToElement(t)},r.prototype.scrollToPosition=function(t){return this.scrollManager.scrollToPosition(t)},r.prototype.scrollPositionChanged=function(t){var e;return e=this.getCurrentRestorationData(),e.scrollPosition=t},r.prototype.render=function(t,e){return this.view.render(t,e)},r.prototype.viewInvalidated=function(){return this.adapter.pageInvalidated()},r.prototype.viewWillRender=function(t){return this.notifyApplicationBeforeRender(t)},r.prototype.viewRendered=function(){return this.lastRenderedLocation=this.currentVisit.location,this.notifyApplicationAfterRender()},r.prototype.pageLoaded=function(){return this.lastRenderedLocation=this.location,this.notifyApplicationAfterPageLoad()},r.prototype.clickCaptured=function(){return removeEventListener(\"click\",this.clickBubbled,!1),addEventListener(\"click\",this.clickBubbled,!1)},r.prototype.clickBubbled=function(t){var e,r,n;return this.enabled&&this.clickEventIsSignificant(t)&&(r=this.getVisitableLinkForNode(t.target))&&(n=this.getVisitableLocationForLink(r))&&this.applicationAllowsFollowingLinkToLocation(r,n)?(t.preventDefault(),e=this.getActionForLink(r),this.visit(n,{action:e})):void 0},r.prototype.applicationAllowsFollowingLinkToLocation=function(t,e){var r;return r=this.notifyApplicationAfterClickingLinkToLocation(t,e),!r.defaultPrevented},r.prototype.applicationAllowsVisitingLocation=function(t){var e;return e=this.notifyApplicationBeforeVisitingLocation(t),!e.defaultPrevented},r.prototype.notifyApplicationAfterClickingLinkToLocation=function(e,r){return t.dispatch(\"turbolinks:click\",{target:e,data:{url:r.absoluteURL},cancelable:!0})},r.prototype.notifyApplicationBeforeVisitingLocation=function(e){return t.dispatch(\"turbolinks:before-visit\",{data:{url:e.absoluteURL},cancelable:!0})},r.prototype.notifyApplicationAfterVisitingLocation=function(e){return t.dispatch(\"turbolinks:visit\",{data:{url:e.absoluteURL}})},r.prototype.notifyApplicationBeforeCachingSnapshot=function(){return t.dispatch(\"turbolinks:before-cache\")},r.prototype.notifyApplicationBeforeRender=function(e){return t.dispatch(\"turbolinks:before-render\",{data:{newBody:e}})},r.prototype.notifyApplicationAfterRender=function(){return t.dispatch(\"turbolinks:render\")},r.prototype.notifyApplicationAfterPageLoad=function(e){return null==e&&(e={}),t.dispatch(\"turbolinks:load\",{data:{url:this.location.absoluteURL,timing:e}})},r.prototype.startVisit=function(t,e,r){var n;return null!=(n=this.currentVisit)&&n.cancel(),this.currentVisit=this.createVisit(t,e,r),this.currentVisit.start(),this.notifyApplicationAfterVisitingLocation(t)},r.prototype.createVisit=function(e,r,n){","var o,i,s,a,u;return i=null!=n?n:{},a=i.restorationIdentifier,s=i.restorationData,o=i.historyChanged,u=new t.Visit(this,e,r),u.restorationIdentifier=null!=a?a:t.uuid(),u.restorationData=t.copyObject(s),u.historyChanged=o,u.referrer=this.location,u},r.prototype.visitCompleted=function(t){return this.notifyApplicationAfterPageLoad(t.getTimingMetrics())},r.prototype.clickEventIsSignificant=function(t){return!(t.defaultPrevented||t.target.isContentEditable||t.which>1||t.altKey||t.ctrlKey||t.metaKey||t.shiftKey)},r.prototype.getVisitableLinkForNode=function(e){return this.nodeIsVisitable(e)?t.closest(e,\"a[href]:not([target])\"):void 0},r.prototype.getVisitableLocationForLink=function(e){var r;return r=new t.Location(e.getAttribute(\"href\")),this.locationIsVisitable(r)?r:void 0},r.prototype.getActionForLink=function(t){var e;return null!=(e=t.getAttribute(\"data-turbolinks-action\"))?e:\"advance\"},r.prototype.nodeIsVisitable=function(e){var r;return(r=t.closest(e,\"[data-turbolinks]\"))?\"false\"!==r.getAttribute(\"data-turbolinks\"):!0},r.prototype.locationIsVisitable=function(t){return t.isPrefixedBy(this.view.getRootLocation())&&t.isHTML()},r.prototype.getCurrentRestorationData=function(){return this.getRestorationDataForIdentifier(this.restorationIdentifier)},r.prototype.getRestorationDataForIdentifier=function(t){var e;return null!=(e=this.restorationData)[t]?e[t]:e[t]={}},r}()}.call(this),function(){var e,r,n;t.start=function(){return r()?(null==t.controller&&(t.controller=e()),t.controller.start()):void 0},r=function(){return null==window.Turbolinks&&(window.Turbolinks=t),n()},e=function(){var e;return e=new t.Controller,e.adapter=new t.BrowserAdapter(e),e},n=function(){return window.Turbolinks===t},n()&&t.start()}.call(this)}).call(this),\"object\"==typeof module&&module.exports?module.exports=t:\"function\"==typeof define&&define.amd&&define(t)}).call(this);"],"l":{"5":2,"6":0}}}